#
# A fatal error has been detected by the Java Runtime Environment:
#
#  EXCEPTION_ACCESS_VIOLATION (0xc0000005) at pc=0x00007ffd042c88e1, pid=19304, tid=17440
#
# JRE version: Java(TM) SE Runtime Environment 18.9 (11.0.11+9) (build 11.0.11+9-LTS-194)
# Java VM: Java HotSpot(TM) 64-Bit Server VM 18.9 (11.0.11+9-LTS-194, mixed mode, tiered, compressed oops, g1 gc, windows-amd64)
# Problematic frame:
# V  [jvm.dll+0x1888e1]
#
# No core dump will be written. Minidumps are not enabled by default on client versions of Windows
#
# If you would like to submit a bug report, please visit:
#   https://bugreport.java.com/bugreport/crash.jsp
#

---------------  S U M M A R Y ------------

Command Line: -Dfile.encoding=UTF-8 com.demo.currencycalculation.CurrencyCalculationServiceApplication

Host: 11th Gen Intel(R) Core(TM) i5-11300H @ 3.10GHz, 8 cores, 23G,  Windows 10 , 64 bit Build 22621 (10.0.22621.1194)
Time: Tue Feb 21 17:11:16 2023 Eastern Standard Time elapsed time: 17446.648240 seconds (0d 4h 50m 46s)

---------------  T H R E A D  ---------------

Current thread (0x0000019174b1d000):  GCTaskThread "GC Thread#6" [stack: 0x0000003fc3d00000,0x0000003fc3e00000] [id=17440]

Stack: [0x0000003fc3d00000,0x0000003fc3e00000],  sp=0x0000003fc3dfde98,  free space=1015k
Native frames: (J=compiled Java code, j=interpreted, Vv=VM code, C=native code)
V  [jvm.dll+0x1888e1]

JavaThread 0x00000191786cc800 (nid = 3340) was being processed
Java frames: (J=compiled Java code, j=interpreted, Vv=VM code)
J 4967  jdk.internal.misc.Unsafe.park(ZJ)V java.base@11.0.11 (0 bytes) @ 0x000001915a6a8f8b [0x000001915a6a8f40+0x000000000000004b]
J 5208 c2 java.util.concurrent.locks.AbstractQueuedSynchronizer$ConditionObject.await()V java.base@11.0.11 (98 bytes) @ 0x000001915a6f311c [0x000001915a6f2d20+0x00000000000003fc]
J 5788 c2 java.util.concurrent.ThreadPoolExecutor.getTask()Ljava/lang/Runnable; java.base@11.0.11 (177 bytes) @ 0x000001915a7be384 [0x000001915a7bdbe0+0x00000000000007a4]
j  java.util.concurrent.ThreadPoolExecutor.runWorker(Ljava/util/concurrent/ThreadPoolExecutor$Worker;)V+26 java.base@11.0.11
j  java.util.concurrent.ThreadPoolExecutor$Worker.run()V+5 java.base@11.0.11
j  java.lang.Thread.run()V+11 java.base@11.0.11
v  ~StubRoutines::call_stub

siginfo: EXCEPTION_ACCESS_VIOLATION (0xc0000005), reading address 0x0000000000000110


Register to memory mapping:

RIP=0x00007ffd042c88e1 jvm.dll
RAX=0x0 is NULL
RBX=0x000000068d5577f8 is an oop: 
[error occurred during error reporting (printing register info), id 0xc0000005, EXCEPTION_ACCESS_VIOLATION (0xc0000005) at pc=0x00007ffd047441cd]

Registers:
RAX=0x0000000000000000, RBX=0x000000068d5577f8, RCX=0x0000000800033420, RDX=0x000000068fe223b0
RSP=0x0000003fc3dfde98, RBP=0x000001917486fe20, RSI=0x000001917486fe20, RDI=0x0000000000000001
R8 =0x0000000000000000, R9 =0x0000000800033420, R10=0x000000068d55780c, R11=0x000001917486ff90
R12=0x0000000000000000, R13=0x00000000ffffffff, R14=0x000000068fe223b0, R15=0x000000000000001d
RIP=0x00007ffd042c88e1, EFLAGS=0x0000000000010246

Top of Stack: (sp=0x0000003fc3dfde98)
0x0000003fc3dfde98:   00007ffd0443909e 000000068d557801
0x0000003fc3dfdea8:   000000068d557818 000000068d557800
0x0000003fc3dfdeb8:   0000000000000080 0000000000000080
0x0000003fc3dfdec8:   0000000000000000 000000008d555cb0
0x0000003fc3dfded8:   00007ffd04412c2e 000001917486fe20
0x0000003fc3dfdee8:   0000000000000040 0000019148c3d520
0x0000003fc3dfdef8:   00000000ffffffff 0000000000000000
0x0000003fc3dfdf08:   0000019148c3d4a0 0000000000000004
0x0000003fc3dfdf18:   00007ffd044379e3 000001917486fe20
0x0000003fc3dfdf28:   0000019148c3d520 0000000000000021
0x0000003fc3dfdf38:   000000068d5577f8 0000000000000000
0x0000003fc3dfdf48:   000000068d5577f9 0000003fc3dfdfe0
0x0000003fc3dfdf58:   00007ffd044394f9 0000019176548b01
0x0000003fc3dfdf68:   000001917486fe20 0000000000000004
0x0000003fc3dfdf78:   0000003fc3dfe220 0000019176548b68
0x0000003fc3dfdf88:   0000000000000930 0000000000000000 

Instructions: (pc=0x00007ffd042c88e1)
0x00007ffd042c88c1:   10 0f b6 c1 49 8d 0c 11 49 f7 d1 48 03 c1 49 c1
0x00007ffd042c88d1:   e9 03 48 c1 e8 03 41 23 c1 c3 49 8b 01 49 8b c9
0x00007ffd042c88e1:   48 ff a0 10 01 00 00 cc cc cc cc cc cc cc cc 48
0x00007ffd042c88f1:   8b c2 c3 cc cc cc cc cc cc cc cc cc cc cc cc 48 


Stack slot to memory mapping:
stack at sp + 0 slots: 0x00007ffd0443909e jvm.dll
stack at sp + 1 slots: 0x000000068d557801 is pointing into object: java.lang.String 
{0x000000068d557800} - klass: 'java/lang/String'
stack at sp + 2 slots: 0x000000068d557818 is an oop: [B 
{0x000000068d557818} - klass: {type array byte}
 - length: 9
stack at sp + 3 slots: 0x000000068d557800 is an oop: java.lang.String 
{0x000000068d557800} - klass: 'java/lang/String'
stack at sp + 4 slots: 0x0000000000000080 is an unknown value
stack at sp + 5 slots: 0x0000000000000080 is an unknown value
stack at sp + 6 slots: 0x0 is NULL
stack at sp + 7 slots: 0x000000008d555cb0 is an unknown value


---------------  P R O C E S S  ---------------

Threads class SMR info:
_java_thread_list=0x000001917ac7f020, length=32, elements={
0x0000019173a45000, 0x0000019173a87800, 0x0000019173ad8800, 0x0000019173ad9800,
0x0000019173adb000, 0x0000019173aec000, 0x0000019173aee800, 0x0000019173c48800,
0x0000019173c4b800, 0x00000191743e2000, 0x0000019174cef000, 0x0000019174cec000,
0x0000019176ce3000, 0x0000019179f4d000, 0x0000019177e94000, 0x0000019177cd3000,
0x00000191743d3800, 0x00000191743d7000, 0x00000191743d3000, 0x00000191743d8000,
0x00000191743d8800, 0x00000191743d9800, 0x00000191743d4800, 0x00000191743d5800,
0x00000191743d6000, 0x00000191786d0800, 0x00000191786d1800, 0x00000191786d2800,
0x00000191786cd800, 0x00000191786cc800, 0x00000191786d0000, 0x00000191786d3000
}

Java Threads: ( => current thread )
  0x0000019173a45000 JavaThread "Reference Handler" daemon [_thread_blocked, id=11576, stack(0x0000003fc2d00000,0x0000003fc2e00000)]
  0x0000019173a87800 JavaThread "Finalizer" daemon [_thread_blocked, id=6760, stack(0x0000003fc2e00000,0x0000003fc2f00000)]
  0x0000019173ad8800 JavaThread "Signal Dispatcher" daemon [_thread_blocked, id=3856, stack(0x0000003fc2f00000,0x0000003fc3000000)]
  0x0000019173ad9800 JavaThread "Attach Listener" daemon [_thread_blocked, id=11724, stack(0x0000003fc3000000,0x0000003fc3100000)]
  0x0000019173adb000 JavaThread "C2 CompilerThread0" daemon [_thread_blocked, id=15976, stack(0x0000003fc3100000,0x0000003fc3200000)]
  0x0000019173aec000 JavaThread "C1 CompilerThread0" daemon [_thread_blocked, id=18092, stack(0x0000003fc3200000,0x0000003fc3300000)]
  0x0000019173aee800 JavaThread "Sweeper thread" daemon [_thread_blocked, id=9800, stack(0x0000003fc3300000,0x0000003fc3400000)]
  0x0000019173c48800 JavaThread "Service Thread" daemon [_thread_blocked, id=12312, stack(0x0000003fc3400000,0x0000003fc3500000)]
  0x0000019173c4b800 JavaThread "Common-Cleaner" daemon [_thread_blocked, id=11476, stack(0x0000003fc3600000,0x0000003fc3700000)]
  0x00000191743e2000 JavaThread "Catalina-utility-1" [_thread_blocked, id=18528, stack(0x0000003fc4400000,0x0000003fc4500000)]
  0x0000019174cef000 JavaThread "Catalina-utility-2" [_thread_blocked, id=17736, stack(0x0000003fc4500000,0x0000003fc4600000)]
  0x0000019174cec000 JavaThread "container-0" [_thread_blocked, id=19524, stack(0x0000003fc4600000,0x0000003fc4700000)]
  0x0000019176ce3000 JavaThread "File Watcher" daemon [_thread_blocked, id=16472, stack(0x0000003fc4700000,0x0000003fc4800000)]
  0x0000019179f4d000 JavaThread "spring.cloud.inetutils" daemon [_thread_blocked, id=14864, stack(0x0000003fc4800000,0x0000003fc4900000)]
  0x0000019177e94000 JavaThread "http-nio-8100-BlockPoller" daemon [_thread_blocked, id=16616, stack(0x0000003fc4900000,0x0000003fc4a00000)]
  0x0000019177cd3000 JavaThread "http-nio-8100-exec-1" daemon [_thread_blocked, id=16520, stack(0x0000003fc4a00000,0x0000003fc4b00000)]
  0x00000191743d3800 JavaThread "http-nio-8100-exec-2" daemon [_thread_blocked, id=16832, stack(0x0000003fc4b00000,0x0000003fc4c00000)]
  0x00000191743d7000 JavaThread "http-nio-8100-exec-3" daemon [_thread_blocked, id=19152, stack(0x0000003fc4c00000,0x0000003fc4d00000)]
  0x00000191743d3000 JavaThread "http-nio-8100-exec-4" daemon [_thread_blocked, id=12024, stack(0x0000003fc4d00000,0x0000003fc4e00000)]
  0x00000191743d8000 JavaThread "http-nio-8100-exec-5" daemon [_thread_blocked, id=17148, stack(0x0000003fc4e00000,0x0000003fc4f00000)]
  0x00000191743d8800 JavaThread "http-nio-8100-exec-6" daemon [_thread_blocked, id=16244, stack(0x0000003fc4f00000,0x0000003fc5000000)]
  0x00000191743d9800 JavaThread "http-nio-8100-exec-7" daemon [_thread_blocked, id=17976, stack(0x0000003fc5000000,0x0000003fc5100000)]
  0x00000191743d4800 JavaThread "http-nio-8100-exec-8" daemon [_thread_blocked, id=9032, stack(0x0000003fc5100000,0x0000003fc5200000)]
  0x00000191743d5800 JavaThread "http-nio-8100-exec-9" daemon [_thread_blocked, id=8364, stack(0x0000003fc5200000,0x0000003fc5300000)]
  0x00000191743d6000 JavaThread "http-nio-8100-exec-10" daemon [_thread_blocked, id=4436, stack(0x0000003fc5300000,0x0000003fc5400000)]
  0x00000191786d0800 JavaThread "http-nio-8100-ClientPoller" daemon [_thread_blocked, id=19544, stack(0x0000003fc5400000,0x0000003fc5500000)]
  0x00000191786d1800 JavaThread "http-nio-8100-Acceptor" daemon [_thread_in_native, id=13780, stack(0x0000003fc5500000,0x0000003fc5600000)]
  0x00000191786d2800 JavaThread "DestroyJavaVM" [_thread_blocked, id=5328, stack(0x0000003fc2600000,0x0000003fc2700000)]
  0x00000191786cd800 JavaThread "RibbonApacheHttpClientConfiguration.connectionManagerTimer" daemon [_thread_blocked, id=17416, stack(0x0000003fc2400000,0x0000003fc2500000)]
  0x00000191786cc800 JavaThread "PollingServerListUpdater-0" daemon [_thread_blocked, id=3340, stack(0x0000003fc3700000,0x0000003fc3800000)]
  0x00000191786d0000 JavaThread "DataPublisher" daemon [_thread_blocked, id=7144, stack(0x0000003fc4000000,0x0000003fc4100000)]
  0x00000191786d3000 JavaThread "PollingServerListUpdater-1" daemon [_thread_blocked, id=11740, stack(0x0000003fc2300000,0x0000003fc2400000)]

Other Threads:
  0x0000019173a77800 VMThread "VM Thread" [stack: 0x0000003fc2c00000,0x0000003fc2d00000] [id=18304]
  0x0000019173c4e000 WatcherThread [stack: 0x0000003fc3500000,0x0000003fc3600000] [id=11888]
  0x0000019148c39800 GCTaskThread "GC Thread#0" [stack: 0x0000003fc2700000,0x0000003fc2800000] [id=18996]
  0x00000191747d7000 GCTaskThread "GC Thread#1" [stack: 0x0000003fc3800000,0x0000003fc3900000] [id=9736]
  0x0000019174916800 GCTaskThread "GC Thread#2" [stack: 0x0000003fc3900000,0x0000003fc3a00000] [id=15912]
  0x00000191749c8800 GCTaskThread "GC Thread#3" [stack: 0x0000003fc3a00000,0x0000003fc3b00000] [id=3452]
  0x0000019174ae3800 GCTaskThread "GC Thread#4" [stack: 0x0000003fc3b00000,0x0000003fc3c00000] [id=16060]
  0x0000019174b1c000 GCTaskThread "GC Thread#5" [stack: 0x0000003fc3c00000,0x0000003fc3d00000] [id=512]
=>0x0000019174b1d000 GCTaskThread "GC Thread#6" [stack: 0x0000003fc3d00000,0x0000003fc3e00000] [id=17440]
  0x00000191749e7800 GCTaskThread "GC Thread#7" [stack: 0x0000003fc3e00000,0x0000003fc3f00000] [id=13160]
  0x0000019148cc5000 ConcurrentGCThread "G1 Main Marker" [stack: 0x0000003fc2800000,0x0000003fc2900000] [id=15776]
  0x0000019148cc6000 ConcurrentGCThread "G1 Conc#0" [stack: 0x0000003fc2900000,0x0000003fc2a00000] [id=2532]
  0x0000019175146000 ConcurrentGCThread "G1 Conc#1" [stack: 0x0000003fc3f00000,0x0000003fc4000000] [id=7192]
  0x00000191730a6000 ConcurrentGCThread "G1 Refine#0" [stack: 0x0000003fc2a00000,0x0000003fc2b00000] [id=1352]
  0x00000191730a9000 ConcurrentGCThread "G1 Young RemSet Sampling" [stack: 0x0000003fc2b00000,0x0000003fc2c00000] [id=19568]

Threads with active compile tasks:

VM state:at safepoint (normal execution)

VM Mutex/Monitor currently owned by a thread:  ([mutex/lock_event])
[0x0000019148c1f840] Threads_lock - owner thread: 0x0000019173a77800
[0x0000019148c21340] Heap_lock - owner thread: 0x0000019176ce3000

Heap address: 0x0000000683e00000, size: 6082 MB, Compressed Oops mode: Zero based, Oop shift amount: 3
Narrow klass base: 0x0000000800000000, Narrow klass shift: 0
Compressed class space size: 1073741824 Address: 0x0000000800000000

Heap:
 garbage-first heap   total 391168K, used 243713K [0x0000000683e00000, 0x0000000800000000)
  region size 1024K, 227 young (232448K), 13 survivors (13312K)
 Metaspace       used 51560K, capacity 53031K, committed 53120K, reserved 1095680K
  class space    used 6163K, capacity 6723K, committed 6784K, reserved 1048576K
Heap Regions: E=young(eden), S=young(survivor), O=old, HS=humongous(starts), HC=humongous(continues), CS=collection set, F=free, A=archive, TAMS=top-at-mark-start (previous, next)
|   0|0x0000000683e00000, 0x0000000683f00000, 0x0000000683f00000|100%| O|  |TAMS 0x0000000683f00000, 0x0000000683e00000| Untracked 
|   1|0x0000000683f00000, 0x0000000684000000, 0x0000000684000000|100%| O|  |TAMS 0x0000000684000000, 0x0000000683f00000| Untracked 
|   2|0x0000000684000000, 0x0000000684100000, 0x0000000684100000|100%| O|  |TAMS 0x0000000684100000, 0x0000000684000000| Untracked 
|   3|0x0000000684100000, 0x0000000684200000, 0x0000000684200000|100%| O|  |TAMS 0x0000000684200000, 0x0000000684100000| Untracked 
|   4|0x0000000684200000, 0x0000000684300000, 0x0000000684300000|100%| O|  |TAMS 0x0000000684300000, 0x0000000684200000| Untracked 
|   5|0x0000000684300000, 0x0000000684400000, 0x0000000684400000|100%| O|  |TAMS 0x0000000684357a00, 0x0000000684300000| Untracked 
|   6|0x0000000684400000, 0x0000000684500000, 0x0000000684500000|100%| O|  |TAMS 0x0000000684400000, 0x0000000684400000| Untracked 
|   7|0x0000000684500000, 0x0000000684600000, 0x0000000684600000|100%| O|  |TAMS 0x0000000684500000, 0x0000000684500000| Untracked 
|   8|0x0000000684600000, 0x0000000684700000, 0x0000000684700000|100%| O|  |TAMS 0x0000000684600000, 0x0000000684600000| Untracked 
|   9|0x0000000684700000, 0x0000000684773408, 0x0000000684800000| 45%| O|  |TAMS 0x0000000684700000, 0x0000000684700000| Untracked 
|  10|0x0000000684800000, 0x0000000684800000, 0x0000000684900000|  0%| F|  |TAMS 0x0000000684800000, 0x0000000684800000| Untracked 
|  11|0x0000000684900000, 0x0000000684900000, 0x0000000684a00000|  0%| F|  |TAMS 0x0000000684900000, 0x0000000684900000| Untracked 
|  12|0x0000000684a00000, 0x0000000684a00000, 0x0000000684b00000|  0%| F|  |TAMS 0x0000000684a00000, 0x0000000684a00000| Untracked 
|  13|0x0000000684b00000, 0x0000000684b00000, 0x0000000684c00000|  0%| F|  |TAMS 0x0000000684b00000, 0x0000000684b00000| Untracked 
|  14|0x0000000684c00000, 0x0000000684c00000, 0x0000000684d00000|  0%| F|  |TAMS 0x0000000684c00000, 0x0000000684c00000| Untracked 
|  15|0x0000000684d00000, 0x0000000684d00000, 0x0000000684e00000|  0%| F|  |TAMS 0x0000000684d00000, 0x0000000684d00000| Untracked 
|  16|0x0000000684e00000, 0x0000000684e00000, 0x0000000684f00000|  0%| F|  |TAMS 0x0000000684e00000, 0x0000000684e00000| Untracked 
|  17|0x0000000684f00000, 0x0000000684f00000, 0x0000000685000000|  0%| F|  |TAMS 0x0000000684f00000, 0x0000000684f00000| Untracked 
|  18|0x0000000685000000, 0x0000000685000000, 0x0000000685100000|  0%| F|  |TAMS 0x0000000685000000, 0x0000000685000000| Untracked 
|  19|0x0000000685100000, 0x0000000685100000, 0x0000000685200000|  0%| F|  |TAMS 0x0000000685100000, 0x0000000685100000| Untracked 
|  20|0x0000000685200000, 0x0000000685200000, 0x0000000685300000|  0%| F|  |TAMS 0x0000000685200000, 0x0000000685200000| Untracked 
|  21|0x0000000685300000, 0x0000000685300000, 0x0000000685400000|  0%| F|  |TAMS 0x0000000685300000, 0x0000000685300000| Untracked 
|  22|0x0000000685400000, 0x0000000685400000, 0x0000000685500000|  0%| F|  |TAMS 0x0000000685400000, 0x0000000685400000| Untracked 
|  23|0x0000000685500000, 0x0000000685500000, 0x0000000685600000|  0%| F|  |TAMS 0x0000000685500000, 0x0000000685500000| Untracked 
|  24|0x0000000685600000, 0x0000000685600000, 0x0000000685700000|  0%| F|  |TAMS 0x0000000685600000, 0x0000000685600000| Untracked 
|  25|0x0000000685700000, 0x0000000685700000, 0x0000000685800000|  0%| F|  |TAMS 0x0000000685700000, 0x0000000685700000| Untracked 
|  26|0x0000000685800000, 0x0000000685800000, 0x0000000685900000|  0%| F|  |TAMS 0x0000000685800000, 0x0000000685800000| Untracked 
|  27|0x0000000685900000, 0x0000000685900000, 0x0000000685a00000|  0%| F|  |TAMS 0x0000000685900000, 0x0000000685900000| Untracked 
|  28|0x0000000685a00000, 0x0000000685a00000, 0x0000000685b00000|  0%| F|  |TAMS 0x0000000685a00000, 0x0000000685a00000| Untracked 
|  29|0x0000000685b00000, 0x0000000685b00000, 0x0000000685c00000|  0%| F|  |TAMS 0x0000000685b00000, 0x0000000685b00000| Untracked 
|  30|0x0000000685c00000, 0x0000000685c00000, 0x0000000685d00000|  0%| F|  |TAMS 0x0000000685c00000, 0x0000000685c00000| Untracked 
|  31|0x0000000685d00000, 0x0000000685d00000, 0x0000000685e00000|  0%| F|  |TAMS 0x0000000685d00000, 0x0000000685d00000| Untracked 
|  32|0x0000000685e00000, 0x0000000685e00000, 0x0000000685f00000|  0%| F|  |TAMS 0x0000000685e00000, 0x0000000685e00000| Untracked 
|  33|0x0000000685f00000, 0x0000000685f00000, 0x0000000686000000|  0%| F|  |TAMS 0x0000000685f00000, 0x0000000685f00000| Untracked 
|  34|0x0000000686000000, 0x0000000686000000, 0x0000000686100000|  0%| F|  |TAMS 0x0000000686000000, 0x0000000686000000| Untracked 
|  35|0x0000000686100000, 0x0000000686100000, 0x0000000686200000|  0%| F|  |TAMS 0x0000000686100000, 0x0000000686100000| Untracked 
|  36|0x0000000686200000, 0x0000000686200000, 0x0000000686300000|  0%| F|  |TAMS 0x0000000686200000, 0x0000000686200000| Untracked 
|  37|0x0000000686300000, 0x0000000686300000, 0x0000000686400000|  0%| F|  |TAMS 0x0000000686300000, 0x0000000686300000| Untracked 
|  38|0x0000000686400000, 0x0000000686400000, 0x0000000686500000|  0%| F|  |TAMS 0x0000000686400000, 0x0000000686400000| Untracked 
|  39|0x0000000686500000, 0x0000000686500000, 0x0000000686600000|  0%| F|  |TAMS 0x0000000686500000, 0x0000000686500000| Untracked 
|  40|0x0000000686600000, 0x0000000686600000, 0x0000000686700000|  0%| F|  |TAMS 0x0000000686600000, 0x0000000686600000| Untracked 
|  41|0x0000000686700000, 0x0000000686700000, 0x0000000686800000|  0%| F|  |TAMS 0x0000000686700000, 0x0000000686700000| Untracked 
|  42|0x0000000686800000, 0x0000000686800000, 0x0000000686900000|  0%| F|  |TAMS 0x0000000686800000, 0x0000000686800000| Untracked 
|  43|0x0000000686900000, 0x0000000686900000, 0x0000000686a00000|  0%| F|  |TAMS 0x0000000686900000, 0x0000000686900000| Untracked 
|  44|0x0000000686a00000, 0x0000000686a00000, 0x0000000686b00000|  0%| F|  |TAMS 0x0000000686a00000, 0x0000000686a00000| Untracked 
|  45|0x0000000686b00000, 0x0000000686b00000, 0x0000000686c00000|  0%| F|  |TAMS 0x0000000686b00000, 0x0000000686b00000| Untracked 
|  46|0x0000000686c00000, 0x0000000686c00000, 0x0000000686d00000|  0%| F|  |TAMS 0x0000000686c00000, 0x0000000686c00000| Untracked 
|  47|0x0000000686d00000, 0x0000000686d00000, 0x0000000686e00000|  0%| F|  |TAMS 0x0000000686d00000, 0x0000000686d00000| Untracked 
|  48|0x0000000686e00000, 0x0000000686e00000, 0x0000000686f00000|  0%| F|  |TAMS 0x0000000686e00000, 0x0000000686e00000| Untracked 
|  49|0x0000000686f00000, 0x0000000686f00000, 0x0000000687000000|  0%| F|  |TAMS 0x0000000686f00000, 0x0000000686f00000| Untracked 
|  50|0x0000000687000000, 0x0000000687000000, 0x0000000687100000|  0%| F|  |TAMS 0x0000000687000000, 0x0000000687000000| Untracked 
|  51|0x0000000687100000, 0x0000000687100000, 0x0000000687200000|  0%| F|  |TAMS 0x0000000687100000, 0x0000000687100000| Untracked 
|  52|0x0000000687200000, 0x0000000687200000, 0x0000000687300000|  0%| F|  |TAMS 0x0000000687200000, 0x0000000687200000| Untracked 
|  53|0x0000000687300000, 0x0000000687300000, 0x0000000687400000|  0%| F|  |TAMS 0x0000000687300000, 0x0000000687300000| Untracked 
|  54|0x0000000687400000, 0x0000000687400000, 0x0000000687500000|  0%| F|  |TAMS 0x0000000687400000, 0x0000000687400000| Untracked 
|  55|0x0000000687500000, 0x0000000687500000, 0x0000000687600000|  0%| F|  |TAMS 0x0000000687500000, 0x0000000687500000| Untracked 
|  56|0x0000000687600000, 0x0000000687600000, 0x0000000687700000|  0%| F|  |TAMS 0x0000000687600000, 0x0000000687600000| Untracked 
|  57|0x0000000687700000, 0x0000000687700000, 0x0000000687800000|  0%| F|  |TAMS 0x0000000687700000, 0x0000000687700000| Untracked 
|  58|0x0000000687800000, 0x0000000687800000, 0x0000000687900000|  0%| F|  |TAMS 0x0000000687800000, 0x0000000687800000| Untracked 
|  59|0x0000000687900000, 0x0000000687900000, 0x0000000687a00000|  0%| F|  |TAMS 0x0000000687900000, 0x0000000687900000| Untracked 
|  60|0x0000000687a00000, 0x0000000687a00000, 0x0000000687b00000|  0%| F|  |TAMS 0x0000000687a00000, 0x0000000687a00000| Untracked 
|  61|0x0000000687b00000, 0x0000000687b00000, 0x0000000687c00000|  0%| F|  |TAMS 0x0000000687b00000, 0x0000000687b00000| Untracked 
|  62|0x0000000687c00000, 0x0000000687c00000, 0x0000000687d00000|  0%| F|  |TAMS 0x0000000687c00000, 0x0000000687c00000| Untracked 
|  63|0x0000000687d00000, 0x0000000687d00000, 0x0000000687e00000|  0%| F|  |TAMS 0x0000000687d00000, 0x0000000687d00000| Untracked 
|  64|0x0000000687e00000, 0x0000000687e00000, 0x0000000687f00000|  0%| F|  |TAMS 0x0000000687e00000, 0x0000000687e00000| Untracked 
|  65|0x0000000687f00000, 0x0000000687f00000, 0x0000000688000000|  0%| F|  |TAMS 0x0000000687f00000, 0x0000000687f00000| Untracked 
|  66|0x0000000688000000, 0x0000000688000000, 0x0000000688100000|  0%| F|  |TAMS 0x0000000688000000, 0x0000000688000000| Untracked 
|  67|0x0000000688100000, 0x0000000688100000, 0x0000000688200000|  0%| F|  |TAMS 0x0000000688100000, 0x0000000688100000| Untracked 
|  68|0x0000000688200000, 0x0000000688200000, 0x0000000688300000|  0%| F|  |TAMS 0x0000000688200000, 0x0000000688200000| Untracked 
|  69|0x0000000688300000, 0x0000000688300000, 0x0000000688400000|  0%| F|  |TAMS 0x0000000688300000, 0x0000000688300000| Untracked 
|  70|0x0000000688400000, 0x0000000688400000, 0x0000000688500000|  0%| F|  |TAMS 0x0000000688400000, 0x0000000688400000| Untracked 
|  71|0x0000000688500000, 0x0000000688500000, 0x0000000688600000|  0%| F|  |TAMS 0x0000000688500000, 0x0000000688500000| Untracked 
|  72|0x0000000688600000, 0x0000000688600000, 0x0000000688700000|  0%| F|  |TAMS 0x0000000688600000, 0x0000000688600000| Untracked 
|  73|0x0000000688700000, 0x0000000688700000, 0x0000000688800000|  0%| F|  |TAMS 0x0000000688700000, 0x0000000688700000| Untracked 
|  74|0x0000000688800000, 0x0000000688800000, 0x0000000688900000|  0%| F|  |TAMS 0x0000000688800000, 0x0000000688800000| Untracked 
|  75|0x0000000688900000, 0x0000000688900000, 0x0000000688a00000|  0%| F|  |TAMS 0x0000000688900000, 0x0000000688900000| Untracked 
|  76|0x0000000688a00000, 0x0000000688a00000, 0x0000000688b00000|  0%| F|  |TAMS 0x0000000688a00000, 0x0000000688a00000| Untracked 
|  77|0x0000000688b00000, 0x0000000688b00000, 0x0000000688c00000|  0%| F|  |TAMS 0x0000000688b00000, 0x0000000688b00000| Untracked 
|  78|0x0000000688c00000, 0x0000000688c00000, 0x0000000688d00000|  0%| F|  |TAMS 0x0000000688c00000, 0x0000000688c00000| Untracked 
|  79|0x0000000688d00000, 0x0000000688d00000, 0x0000000688e00000|  0%| F|  |TAMS 0x0000000688d00000, 0x0000000688d00000| Untracked 
|  80|0x0000000688e00000, 0x0000000688e00000, 0x0000000688f00000|  0%| F|  |TAMS 0x0000000688e00000, 0x0000000688e00000| Untracked 
|  81|0x0000000688f00000, 0x0000000688f00000, 0x0000000689000000|  0%| F|  |TAMS 0x0000000688f00000, 0x0000000688f00000| Untracked 
|  82|0x0000000689000000, 0x0000000689000000, 0x0000000689100000|  0%| F|  |TAMS 0x0000000689000000, 0x0000000689000000| Untracked 
|  83|0x0000000689100000, 0x0000000689100000, 0x0000000689200000|  0%| F|  |TAMS 0x0000000689100000, 0x0000000689100000| Untracked 
|  84|0x0000000689200000, 0x0000000689200000, 0x0000000689300000|  0%| F|  |TAMS 0x0000000689200000, 0x0000000689200000| Untracked 
|  85|0x0000000689300000, 0x0000000689300000, 0x0000000689400000|  0%| F|  |TAMS 0x0000000689300000, 0x0000000689300000| Untracked 
|  86|0x0000000689400000, 0x0000000689400000, 0x0000000689500000|  0%| F|  |TAMS 0x0000000689400000, 0x0000000689400000| Untracked 
|  87|0x0000000689500000, 0x0000000689500000, 0x0000000689600000|  0%| F|  |TAMS 0x0000000689500000, 0x0000000689500000| Untracked 
|  88|0x0000000689600000, 0x0000000689600000, 0x0000000689700000|  0%| F|  |TAMS 0x0000000689600000, 0x0000000689600000| Untracked 
|  89|0x0000000689700000, 0x0000000689700000, 0x0000000689800000|  0%| F|  |TAMS 0x0000000689700000, 0x0000000689700000| Untracked 
|  90|0x0000000689800000, 0x0000000689800000, 0x0000000689900000|  0%| F|  |TAMS 0x0000000689800000, 0x0000000689800000| Untracked 
|  91|0x0000000689900000, 0x0000000689900000, 0x0000000689a00000|  0%| F|  |TAMS 0x0000000689900000, 0x0000000689900000| Untracked 
|  92|0x0000000689a00000, 0x0000000689a00000, 0x0000000689b00000|  0%| F|  |TAMS 0x0000000689a00000, 0x0000000689a00000| Untracked 
|  93|0x0000000689b00000, 0x0000000689b00000, 0x0000000689c00000|  0%| F|  |TAMS 0x0000000689b00000, 0x0000000689b00000| Untracked 
|  94|0x0000000689c00000, 0x0000000689c00000, 0x0000000689d00000|  0%| F|  |TAMS 0x0000000689c00000, 0x0000000689c00000| Untracked 
|  95|0x0000000689d00000, 0x0000000689d00000, 0x0000000689e00000|  0%| F|  |TAMS 0x0000000689d00000, 0x0000000689d00000| Untracked 
|  96|0x0000000689e00000, 0x0000000689e00000, 0x0000000689f00000|  0%| F|  |TAMS 0x0000000689e00000, 0x0000000689e00000| Untracked 
|  97|0x0000000689f00000, 0x0000000689f00000, 0x000000068a000000|  0%| F|  |TAMS 0x0000000689f00000, 0x0000000689f00000| Untracked 
|  98|0x000000068a000000, 0x000000068a000000, 0x000000068a100000|  0%| F|  |TAMS 0x000000068a000000, 0x000000068a000000| Untracked 
|  99|0x000000068a100000, 0x000000068a100000, 0x000000068a200000|  0%| F|  |TAMS 0x000000068a100000, 0x000000068a100000| Untracked 
| 100|0x000000068a200000, 0x000000068a200000, 0x000000068a300000|  0%| F|  |TAMS 0x000000068a200000, 0x000000068a200000| Untracked 
| 101|0x000000068a300000, 0x000000068a300000, 0x000000068a400000|  0%| F|  |TAMS 0x000000068a300000, 0x000000068a300000| Untracked 
| 102|0x000000068a400000, 0x000000068a400000, 0x000000068a500000|  0%| F|  |TAMS 0x000000068a400000, 0x000000068a400000| Untracked 
| 103|0x000000068a500000, 0x000000068a500000, 0x000000068a600000|  0%| F|  |TAMS 0x000000068a500000, 0x000000068a500000| Untracked 
| 104|0x000000068a600000, 0x000000068a600000, 0x000000068a700000|  0%| F|  |TAMS 0x000000068a600000, 0x000000068a600000| Untracked 
| 105|0x000000068a700000, 0x000000068a700000, 0x000000068a800000|  0%| F|  |TAMS 0x000000068a700000, 0x000000068a700000| Untracked 
| 106|0x000000068a800000, 0x000000068a800000, 0x000000068a900000|  0%| F|  |TAMS 0x000000068a800000, 0x000000068a800000| Untracked 
| 107|0x000000068a900000, 0x000000068a900000, 0x000000068aa00000|  0%| F|  |TAMS 0x000000068a900000, 0x000000068a900000| Untracked 
| 108|0x000000068aa00000, 0x000000068aa00000, 0x000000068ab00000|  0%| F|  |TAMS 0x000000068aa00000, 0x000000068aa00000| Untracked 
| 109|0x000000068ab00000, 0x000000068ab00000, 0x000000068ac00000|  0%| F|  |TAMS 0x000000068ab00000, 0x000000068ab00000| Untracked 
| 110|0x000000068ac00000, 0x000000068ac00000, 0x000000068ad00000|  0%| F|  |TAMS 0x000000068ac00000, 0x000000068ac00000| Untracked 
| 111|0x000000068ad00000, 0x000000068ad00000, 0x000000068ae00000|  0%| F|  |TAMS 0x000000068ad00000, 0x000000068ad00000| Untracked 
| 112|0x000000068ae00000, 0x000000068ae00000, 0x000000068af00000|  0%| F|  |TAMS 0x000000068ae00000, 0x000000068ae00000| Untracked 
| 113|0x000000068af00000, 0x000000068af00000, 0x000000068b000000|  0%| F|  |TAMS 0x000000068af00000, 0x000000068af00000| Untracked 
| 114|0x000000068b000000, 0x000000068b000000, 0x000000068b100000|  0%| F|  |TAMS 0x000000068b000000, 0x000000068b000000| Untracked 
| 115|0x000000068b100000, 0x000000068b100000, 0x000000068b200000|  0%| F|  |TAMS 0x000000068b100000, 0x000000068b100000| Untracked 
| 116|0x000000068b200000, 0x000000068b200000, 0x000000068b300000|  0%| F|  |TAMS 0x000000068b200000, 0x000000068b200000| Untracked 
| 117|0x000000068b300000, 0x000000068b300000, 0x000000068b400000|  0%| F|  |TAMS 0x000000068b300000, 0x000000068b300000| Untracked 
| 118|0x000000068b400000, 0x000000068b400000, 0x000000068b500000|  0%| F|  |TAMS 0x000000068b400000, 0x000000068b400000| Untracked 
| 119|0x000000068b500000, 0x000000068b500000, 0x000000068b600000|  0%| F|  |TAMS 0x000000068b500000, 0x000000068b500000| Untracked 
| 120|0x000000068b600000, 0x000000068b600000, 0x000000068b700000|  0%| F|  |TAMS 0x000000068b600000, 0x000000068b600000| Untracked 
| 121|0x000000068b700000, 0x000000068b700000, 0x000000068b800000|  0%| F|  |TAMS 0x000000068b700000, 0x000000068b700000| Untracked 
| 122|0x000000068b800000, 0x000000068b800000, 0x000000068b900000|  0%| F|  |TAMS 0x000000068b800000, 0x000000068b800000| Untracked 
| 123|0x000000068b900000, 0x000000068b900000, 0x000000068ba00000|  0%| F|  |TAMS 0x000000068b900000, 0x000000068b900000| Untracked 
| 124|0x000000068ba00000, 0x000000068ba00000, 0x000000068bb00000|  0%| F|  |TAMS 0x000000068ba00000, 0x000000068ba00000| Untracked 
| 125|0x000000068bb00000, 0x000000068bb00000, 0x000000068bc00000|  0%| F|  |TAMS 0x000000068bb00000, 0x000000068bb00000| Untracked 
| 126|0x000000068bc00000, 0x000000068bc00000, 0x000000068bd00000|  0%| F|  |TAMS 0x000000068bc00000, 0x000000068bc00000| Untracked 
| 127|0x000000068bd00000, 0x000000068bd00000, 0x000000068be00000|  0%| F|  |TAMS 0x000000068bd00000, 0x000000068bd00000| Untracked 
| 128|0x000000068be00000, 0x000000068be00000, 0x000000068bf00000|  0%| F|  |TAMS 0x000000068be00000, 0x000000068be00000| Untracked 
| 129|0x000000068bf00000, 0x000000068bf00000, 0x000000068c000000|  0%| F|  |TAMS 0x000000068bf00000, 0x000000068bf00000| Untracked 
| 130|0x000000068c000000, 0x000000068c000000, 0x000000068c100000|  0%| F|  |TAMS 0x000000068c000000, 0x000000068c000000| Untracked 
| 131|0x000000068c100000, 0x000000068c100000, 0x000000068c200000|  0%| F|  |TAMS 0x000000068c100000, 0x000000068c100000| Untracked 
| 132|0x000000068c200000, 0x000000068c200000, 0x000000068c300000|  0%| F|  |TAMS 0x000000068c200000, 0x000000068c200000| Untracked 
| 133|0x000000068c300000, 0x000000068c300000, 0x000000068c400000|  0%| F|  |TAMS 0x000000068c300000, 0x000000068c300000| Untracked 
| 134|0x000000068c400000, 0x000000068c400000, 0x000000068c500000|  0%| F|  |TAMS 0x000000068c400000, 0x000000068c400000| Untracked 
| 135|0x000000068c500000, 0x000000068c500000, 0x000000068c600000|  0%| F|  |TAMS 0x000000068c500000, 0x000000068c500000| Untracked 
| 136|0x000000068c600000, 0x000000068c600000, 0x000000068c700000|  0%| F|  |TAMS 0x000000068c600000, 0x000000068c600000| Untracked 
| 137|0x000000068c700000, 0x000000068c700000, 0x000000068c800000|  0%| F|  |TAMS 0x000000068c700000, 0x000000068c700000| Untracked 
| 138|0x000000068c800000, 0x000000068c800000, 0x000000068c900000|  0%| F|  |TAMS 0x000000068c800000, 0x000000068c800000| Untracked 
| 139|0x000000068c900000, 0x000000068c900000, 0x000000068ca00000|  0%| F|  |TAMS 0x000000068c900000, 0x000000068c900000| Untracked 
| 140|0x000000068ca00000, 0x000000068caf1f80, 0x000000068cb00000| 94%| S|  |TAMS 0x000000068ca00000, 0x000000068ca00000| Complete 
| 141|0x000000068cb00000, 0x000000068cc00000, 0x000000068cc00000|100%| S|  |TAMS 0x000000068cb00000, 0x000000068cb00000| Complete 
| 142|0x000000068cc00000, 0x000000068cd00000, 0x000000068cd00000|100%| S|  |TAMS 0x000000068cc00000, 0x000000068cc00000| Complete 
| 143|0x000000068cd00000, 0x000000068ce00000, 0x000000068ce00000|100%| S|  |TAMS 0x000000068cd00000, 0x000000068cd00000| Complete 
| 144|0x000000068ce00000, 0x000000068cf00000, 0x000000068cf00000|100%| S|  |TAMS 0x000000068ce00000, 0x000000068ce00000| Complete 
| 145|0x000000068cf00000, 0x000000068d000000, 0x000000068d000000|100%| S|  |TAMS 0x000000068cf00000, 0x000000068cf00000| Complete 
| 146|0x000000068d000000, 0x000000068d100000, 0x000000068d100000|100%| S|  |TAMS 0x000000068d000000, 0x000000068d000000| Complete 
| 147|0x000000068d100000, 0x000000068d200000, 0x000000068d200000|100%| S|  |TAMS 0x000000068d100000, 0x000000068d100000| Complete 
| 148|0x000000068d200000, 0x000000068d300000, 0x000000068d300000|100%| S|  |TAMS 0x000000068d200000, 0x000000068d200000| Complete 
| 149|0x000000068d300000, 0x000000068d400000, 0x000000068d400000|100%| S|  |TAMS 0x000000068d300000, 0x000000068d300000| Complete 
| 150|0x000000068d400000, 0x000000068d500000, 0x000000068d500000|100%| S|  |TAMS 0x000000068d400000, 0x000000068d400000| Complete 
| 151|0x000000068d500000, 0x000000068d600000, 0x000000068d600000|100%| S|  |TAMS 0x000000068d500000, 0x000000068d500000| Complete 
| 152|0x000000068d600000, 0x000000068d700000, 0x000000068d700000|100%| S|  |TAMS 0x000000068d600000, 0x000000068d600000| Complete 
| 153|0x000000068d700000, 0x000000068d800000, 0x000000068d800000|100%| E|CS|TAMS 0x000000068d700000, 0x000000068d700000| Complete 
| 154|0x000000068d800000, 0x000000068d900000, 0x000000068d900000|100%| E|CS|TAMS 0x000000068d800000, 0x000000068d800000| Complete 
| 155|0x000000068d900000, 0x000000068da00000, 0x000000068da00000|100%| E|CS|TAMS 0x000000068d900000, 0x000000068d900000| Complete 
| 156|0x000000068da00000, 0x000000068db00000, 0x000000068db00000|100%| E|CS|TAMS 0x000000068da00000, 0x000000068da00000| Complete 
| 157|0x000000068db00000, 0x000000068dc00000, 0x000000068dc00000|100%| E|CS|TAMS 0x000000068db00000, 0x000000068db00000| Complete 
| 158|0x000000068dc00000, 0x000000068dd00000, 0x000000068dd00000|100%| E|CS|TAMS 0x000000068dc00000, 0x000000068dc00000| Complete 
| 159|0x000000068dd00000, 0x000000068de00000, 0x000000068de00000|100%| E|CS|TAMS 0x000000068dd00000, 0x000000068dd00000| Complete 
| 160|0x000000068de00000, 0x000000068df00000, 0x000000068df00000|100%| E|CS|TAMS 0x000000068de00000, 0x000000068de00000| Complete 
| 161|0x000000068df00000, 0x000000068e000000, 0x000000068e000000|100%| E|CS|TAMS 0x000000068df00000, 0x000000068df00000| Complete 
| 162|0x000000068e000000, 0x000000068e100000, 0x000000068e100000|100%| E|CS|TAMS 0x000000068e000000, 0x000000068e000000| Complete 
| 163|0x000000068e100000, 0x000000068e200000, 0x000000068e200000|100%| E|CS|TAMS 0x000000068e100000, 0x000000068e100000| Complete 
| 164|0x000000068e200000, 0x000000068e300000, 0x000000068e300000|100%| E|CS|TAMS 0x000000068e200000, 0x000000068e200000| Complete 
| 165|0x000000068e300000, 0x000000068e400000, 0x000000068e400000|100%| E|CS|TAMS 0x000000068e300000, 0x000000068e300000| Complete 
| 166|0x000000068e400000, 0x000000068e500000, 0x000000068e500000|100%| E|CS|TAMS 0x000000068e400000, 0x000000068e400000| Complete 
| 167|0x000000068e500000, 0x000000068e600000, 0x000000068e600000|100%| E|CS|TAMS 0x000000068e500000, 0x000000068e500000| Complete 
| 168|0x000000068e600000, 0x000000068e700000, 0x000000068e700000|100%| E|CS|TAMS 0x000000068e600000, 0x000000068e600000| Complete 
| 169|0x000000068e700000, 0x000000068e800000, 0x000000068e800000|100%| E|CS|TAMS 0x000000068e700000, 0x000000068e700000| Complete 
| 170|0x000000068e800000, 0x000000068e900000, 0x000000068e900000|100%| E|CS|TAMS 0x000000068e800000, 0x000000068e800000| Complete 
| 171|0x000000068e900000, 0x000000068ea00000, 0x000000068ea00000|100%| E|CS|TAMS 0x000000068e900000, 0x000000068e900000| Complete 
| 172|0x000000068ea00000, 0x000000068eb00000, 0x000000068eb00000|100%| E|CS|TAMS 0x000000068ea00000, 0x000000068ea00000| Complete 
| 173|0x000000068eb00000, 0x000000068ec00000, 0x000000068ec00000|100%| E|CS|TAMS 0x000000068eb00000, 0x000000068eb00000| Complete 
| 174|0x000000068ec00000, 0x000000068ed00000, 0x000000068ed00000|100%| E|CS|TAMS 0x000000068ec00000, 0x000000068ec00000| Complete 
| 175|0x000000068ed00000, 0x000000068ee00000, 0x000000068ee00000|100%| E|CS|TAMS 0x000000068ed00000, 0x000000068ed00000| Complete 
| 176|0x000000068ee00000, 0x000000068ef00000, 0x000000068ef00000|100%| E|CS|TAMS 0x000000068ee00000, 0x000000068ee00000| Complete 
| 177|0x000000068ef00000, 0x000000068f000000, 0x000000068f000000|100%| E|CS|TAMS 0x000000068ef00000, 0x000000068ef00000| Complete 
| 178|0x000000068f000000, 0x000000068f08d1c0, 0x000000068f100000| 55%| E|CS|TAMS 0x000000068f000000, 0x000000068f000000| Complete 
| 179|0x000000068f100000, 0x000000068f200000, 0x000000068f200000|100%| E|CS|TAMS 0x000000068f100000, 0x000000068f100000| Complete 
| 180|0x000000068f200000, 0x000000068f300000, 0x000000068f300000|100%| E|CS|TAMS 0x000000068f200000, 0x000000068f200000| Complete 
| 181|0x000000068f300000, 0x000000068f400000, 0x000000068f400000|100%| E|CS|TAMS 0x000000068f300000, 0x000000068f300000| Complete 
| 182|0x000000068f400000, 0x000000068f500000, 0x000000068f500000|100%| E|CS|TAMS 0x000000068f400000, 0x000000068f400000| Complete 
| 183|0x000000068f500000, 0x000000068f600000, 0x000000068f600000|100%| E|CS|TAMS 0x000000068f500000, 0x000000068f500000| Complete 
| 184|0x000000068f600000, 0x000000068f700000, 0x000000068f700000|100%| E|CS|TAMS 0x000000068f600000, 0x000000068f600000| Complete 
| 185|0x000000068f700000, 0x000000068f800000, 0x000000068f800000|100%| E|CS|TAMS 0x000000068f700000, 0x000000068f700000| Complete 
| 186|0x000000068f800000, 0x000000068f900000, 0x000000068f900000|100%| E|CS|TAMS 0x000000068f800000, 0x000000068f800000| Complete 
| 187|0x000000068f900000, 0x000000068fa00000, 0x000000068fa00000|100%| E|CS|TAMS 0x000000068f900000, 0x000000068f900000| Complete 
| 188|0x000000068fa00000, 0x000000068fb00000, 0x000000068fb00000|100%| E|CS|TAMS 0x000000068fa00000, 0x000000068fa00000| Complete 
| 189|0x000000068fb00000, 0x000000068fc00000, 0x000000068fc00000|100%| E|CS|TAMS 0x000000068fb00000, 0x000000068fb00000| Complete 
| 190|0x000000068fc00000, 0x000000068fd00000, 0x000000068fd00000|100%| E|CS|TAMS 0x000000068fc00000, 0x000000068fc00000| Complete 
| 191|0x000000068fd00000, 0x000000068fe00000, 0x000000068fe00000|100%| E|CS|TAMS 0x000000068fd00000, 0x000000068fd00000| Complete 
| 192|0x000000068fe00000, 0x000000068ff00000, 0x000000068ff00000|100%| E|CS|TAMS 0x000000068fe00000, 0x000000068fe00000| Complete 
| 193|0x000000068ff00000, 0x0000000690000000, 0x0000000690000000|100%| E|CS|TAMS 0x000000068ff00000, 0x000000068ff00000| Complete 
| 194|0x0000000690000000, 0x0000000690100000, 0x0000000690100000|100%| E|CS|TAMS 0x0000000690000000, 0x0000000690000000| Complete 
| 195|0x0000000690100000, 0x0000000690200000, 0x0000000690200000|100%| E|CS|TAMS 0x0000000690100000, 0x0000000690100000| Complete 
| 196|0x0000000690200000, 0x0000000690300000, 0x0000000690300000|100%| E|CS|TAMS 0x0000000690200000, 0x0000000690200000| Complete 
| 197|0x0000000690300000, 0x0000000690400000, 0x0000000690400000|100%| E|CS|TAMS 0x0000000690300000, 0x0000000690300000| Complete 
| 198|0x0000000690400000, 0x0000000690500000, 0x0000000690500000|100%| E|CS|TAMS 0x0000000690400000, 0x0000000690400000| Complete 
| 199|0x0000000690500000, 0x0000000690600000, 0x0000000690600000|100%| E|CS|TAMS 0x0000000690500000, 0x0000000690500000| Complete 
| 200|0x0000000690600000, 0x0000000690700000, 0x0000000690700000|100%| E|CS|TAMS 0x0000000690600000, 0x0000000690600000| Complete 
| 201|0x0000000690700000, 0x0000000690800000, 0x0000000690800000|100%| E|CS|TAMS 0x0000000690700000, 0x0000000690700000| Complete 
| 202|0x0000000690800000, 0x0000000690900000, 0x0000000690900000|100%| E|CS|TAMS 0x0000000690800000, 0x0000000690800000| Complete 
| 203|0x0000000690900000, 0x0000000690a00000, 0x0000000690a00000|100%| E|CS|TAMS 0x0000000690900000, 0x0000000690900000| Complete 
| 204|0x0000000690a00000, 0x0000000690b00000, 0x0000000690b00000|100%| E|CS|TAMS 0x0000000690a00000, 0x0000000690a00000| Complete 
| 205|0x0000000690b00000, 0x0000000690c00000, 0x0000000690c00000|100%| E|CS|TAMS 0x0000000690b00000, 0x0000000690b00000| Complete 
| 206|0x0000000690c00000, 0x0000000690d00000, 0x0000000690d00000|100%| E|CS|TAMS 0x0000000690c00000, 0x0000000690c00000| Complete 
| 207|0x0000000690d00000, 0x0000000690e00000, 0x0000000690e00000|100%| E|CS|TAMS 0x0000000690d00000, 0x0000000690d00000| Complete 
| 208|0x0000000690e00000, 0x0000000690f00000, 0x0000000690f00000|100%| E|CS|TAMS 0x0000000690e00000, 0x0000000690e00000| Complete 
| 209|0x0000000690f00000, 0x0000000691000000, 0x0000000691000000|100%| E|CS|TAMS 0x0000000690f00000, 0x0000000690f00000| Complete 
| 210|0x0000000691000000, 0x0000000691100000, 0x0000000691100000|100%| E|CS|TAMS 0x0000000691000000, 0x0000000691000000| Complete 
| 211|0x0000000691100000, 0x0000000691200000, 0x0000000691200000|100%| E|CS|TAMS 0x0000000691100000, 0x0000000691100000| Complete 
| 212|0x0000000691200000, 0x0000000691300000, 0x0000000691300000|100%| E|CS|TAMS 0x0000000691200000, 0x0000000691200000| Complete 
| 213|0x0000000691300000, 0x0000000691400000, 0x0000000691400000|100%| E|CS|TAMS 0x0000000691300000, 0x0000000691300000| Complete 
| 214|0x0000000691400000, 0x0000000691500000, 0x0000000691500000|100%| E|CS|TAMS 0x0000000691400000, 0x0000000691400000| Complete 
| 215|0x0000000691500000, 0x0000000691600000, 0x0000000691600000|100%| E|CS|TAMS 0x0000000691500000, 0x0000000691500000| Complete 
| 216|0x0000000691600000, 0x0000000691700000, 0x0000000691700000|100%| E|CS|TAMS 0x0000000691600000, 0x0000000691600000| Complete 
| 217|0x0000000691700000, 0x0000000691800000, 0x0000000691800000|100%| E|CS|TAMS 0x0000000691700000, 0x0000000691700000| Complete 
| 218|0x0000000691800000, 0x0000000691900000, 0x0000000691900000|100%| E|CS|TAMS 0x0000000691800000, 0x0000000691800000| Complete 
| 219|0x0000000691900000, 0x0000000691a00000, 0x0000000691a00000|100%| E|CS|TAMS 0x0000000691900000, 0x0000000691900000| Complete 
| 220|0x0000000691a00000, 0x0000000691b00000, 0x0000000691b00000|100%| E|CS|TAMS 0x0000000691a00000, 0x0000000691a00000| Complete 
| 221|0x0000000691b00000, 0x0000000691c00000, 0x0000000691c00000|100%| E|CS|TAMS 0x0000000691b00000, 0x0000000691b00000| Complete 
| 222|0x0000000691c00000, 0x0000000691d00000, 0x0000000691d00000|100%| E|CS|TAMS 0x0000000691c00000, 0x0000000691c00000| Complete 
| 223|0x0000000691d00000, 0x0000000691e00000, 0x0000000691e00000|100%| E|CS|TAMS 0x0000000691d00000, 0x0000000691d00000| Complete 
| 224|0x0000000691e00000, 0x0000000691f00000, 0x0000000691f00000|100%| E|CS|TAMS 0x0000000691e00000, 0x0000000691e00000| Complete 
| 225|0x0000000691f00000, 0x0000000692000000, 0x0000000692000000|100%| E|CS|TAMS 0x0000000691f00000, 0x0000000691f00000| Complete 
| 226|0x0000000692000000, 0x0000000692100000, 0x0000000692100000|100%| E|CS|TAMS 0x0000000692000000, 0x0000000692000000| Complete 
| 227|0x0000000692100000, 0x0000000692200000, 0x0000000692200000|100%| E|CS|TAMS 0x0000000692100000, 0x0000000692100000| Complete 
| 228|0x0000000692200000, 0x0000000692300000, 0x0000000692300000|100%| E|CS|TAMS 0x0000000692200000, 0x0000000692200000| Complete 
| 229|0x0000000692300000, 0x0000000692400000, 0x0000000692400000|100%| E|CS|TAMS 0x0000000692300000, 0x0000000692300000| Complete 
| 230|0x0000000692400000, 0x0000000692500000, 0x0000000692500000|100%| E|CS|TAMS 0x0000000692400000, 0x0000000692400000| Complete 
| 231|0x0000000692500000, 0x0000000692600000, 0x0000000692600000|100%| E|CS|TAMS 0x0000000692500000, 0x0000000692500000| Complete 
| 232|0x0000000692600000, 0x0000000692700000, 0x0000000692700000|100%| E|CS|TAMS 0x0000000692600000, 0x0000000692600000| Complete 
| 233|0x0000000692700000, 0x0000000692800000, 0x0000000692800000|100%| E|CS|TAMS 0x0000000692700000, 0x0000000692700000| Complete 
| 234|0x0000000692800000, 0x0000000692900000, 0x0000000692900000|100%| E|CS|TAMS 0x0000000692800000, 0x0000000692800000| Complete 
| 235|0x0000000692900000, 0x0000000692a00000, 0x0000000692a00000|100%| E|CS|TAMS 0x0000000692900000, 0x0000000692900000| Complete 
| 236|0x0000000692a00000, 0x0000000692b00000, 0x0000000692b00000|100%| E|CS|TAMS 0x0000000692a00000, 0x0000000692a00000| Complete 
| 237|0x0000000692b00000, 0x0000000692c00000, 0x0000000692c00000|100%| E|CS|TAMS 0x0000000692b00000, 0x0000000692b00000| Complete 
| 238|0x0000000692c00000, 0x0000000692d00000, 0x0000000692d00000|100%| E|CS|TAMS 0x0000000692c00000, 0x0000000692c00000| Complete 
| 239|0x0000000692d00000, 0x0000000692e00000, 0x0000000692e00000|100%| E|CS|TAMS 0x0000000692d00000, 0x0000000692d00000| Complete 
| 240|0x0000000692e00000, 0x0000000692f00000, 0x0000000692f00000|100%| E|CS|TAMS 0x0000000692e00000, 0x0000000692e00000| Complete 
| 241|0x0000000692f00000, 0x0000000693000000, 0x0000000693000000|100%| E|CS|TAMS 0x0000000692f00000, 0x0000000692f00000| Complete 
| 242|0x0000000693000000, 0x0000000693100000, 0x0000000693100000|100%| E|CS|TAMS 0x0000000693000000, 0x0000000693000000| Complete 
| 243|0x0000000693100000, 0x0000000693200000, 0x0000000693200000|100%| E|CS|TAMS 0x0000000693100000, 0x0000000693100000| Complete 
| 244|0x0000000693200000, 0x0000000693300000, 0x0000000693300000|100%| E|CS|TAMS 0x0000000693200000, 0x0000000693200000| Complete 
| 245|0x0000000693300000, 0x0000000693400000, 0x0000000693400000|100%| E|CS|TAMS 0x0000000693300000, 0x0000000693300000| Complete 
| 246|0x0000000693400000, 0x0000000693500000, 0x0000000693500000|100%| E|CS|TAMS 0x0000000693400000, 0x0000000693400000| Complete 
| 247|0x0000000693500000, 0x0000000693600000, 0x0000000693600000|100%| E|CS|TAMS 0x0000000693500000, 0x0000000693500000| Complete 
| 248|0x0000000693600000, 0x0000000693700000, 0x0000000693700000|100%| E|CS|TAMS 0x0000000693600000, 0x0000000693600000| Complete 
| 249|0x0000000693700000, 0x0000000693800000, 0x0000000693800000|100%| E|CS|TAMS 0x0000000693700000, 0x0000000693700000| Complete 
| 250|0x0000000693800000, 0x0000000693900000, 0x0000000693900000|100%| E|CS|TAMS 0x0000000693800000, 0x0000000693800000| Complete 
| 251|0x0000000693900000, 0x0000000693a00000, 0x0000000693a00000|100%| E|CS|TAMS 0x0000000693900000, 0x0000000693900000| Complete 
| 252|0x0000000693a00000, 0x0000000693b00000, 0x0000000693b00000|100%| E|CS|TAMS 0x0000000693a00000, 0x0000000693a00000| Complete 
| 253|0x0000000693b00000, 0x0000000693c00000, 0x0000000693c00000|100%| E|CS|TAMS 0x0000000693b00000, 0x0000000693b00000| Complete 
| 254|0x0000000693c00000, 0x0000000693d00000, 0x0000000693d00000|100%| E|CS|TAMS 0x0000000693c00000, 0x0000000693c00000| Complete 
| 255|0x0000000693d00000, 0x0000000693e00000, 0x0000000693e00000|100%| E|CS|TAMS 0x0000000693d00000, 0x0000000693d00000| Complete 
| 256|0x0000000693e00000, 0x0000000693f00000, 0x0000000693f00000|100%| E|CS|TAMS 0x0000000693e00000, 0x0000000693e00000| Complete 
| 257|0x0000000693f00000, 0x0000000694000000, 0x0000000694000000|100%| E|CS|TAMS 0x0000000693f00000, 0x0000000693f00000| Complete 
| 258|0x0000000694000000, 0x0000000694100000, 0x0000000694100000|100%| E|CS|TAMS 0x0000000694000000, 0x0000000694000000| Complete 
| 259|0x0000000694100000, 0x0000000694200000, 0x0000000694200000|100%| E|CS|TAMS 0x0000000694100000, 0x0000000694100000| Complete 
| 260|0x0000000694200000, 0x0000000694300000, 0x0000000694300000|100%| E|CS|TAMS 0x0000000694200000, 0x0000000694200000| Complete 
| 261|0x0000000694300000, 0x0000000694400000, 0x0000000694400000|100%| E|CS|TAMS 0x0000000694300000, 0x0000000694300000| Complete 
| 262|0x0000000694400000, 0x0000000694500000, 0x0000000694500000|100%| E|CS|TAMS 0x0000000694400000, 0x0000000694400000| Complete 
| 263|0x0000000694500000, 0x0000000694600000, 0x0000000694600000|100%| E|CS|TAMS 0x0000000694500000, 0x0000000694500000| Complete 
| 264|0x0000000694600000, 0x0000000694700000, 0x0000000694700000|100%| E|CS|TAMS 0x0000000694600000, 0x0000000694600000| Complete 
| 265|0x0000000694700000, 0x0000000694800000, 0x0000000694800000|100%| E|CS|TAMS 0x0000000694700000, 0x0000000694700000| Complete 
| 266|0x0000000694800000, 0x0000000694900000, 0x0000000694900000|100%| E|CS|TAMS 0x0000000694800000, 0x0000000694800000| Complete 
| 267|0x0000000694900000, 0x0000000694a00000, 0x0000000694a00000|100%| E|CS|TAMS 0x0000000694900000, 0x0000000694900000| Complete 
| 268|0x0000000694a00000, 0x0000000694b00000, 0x0000000694b00000|100%| E|CS|TAMS 0x0000000694a00000, 0x0000000694a00000| Complete 
| 269|0x0000000694b00000, 0x0000000694c00000, 0x0000000694c00000|100%| E|CS|TAMS 0x0000000694b00000, 0x0000000694b00000| Complete 
| 270|0x0000000694c00000, 0x0000000694d00000, 0x0000000694d00000|100%| E|CS|TAMS 0x0000000694c00000, 0x0000000694c00000| Complete 
| 271|0x0000000694d00000, 0x0000000694e00000, 0x0000000694e00000|100%| E|CS|TAMS 0x0000000694d00000, 0x0000000694d00000| Complete 
| 272|0x0000000694e00000, 0x0000000694f00000, 0x0000000694f00000|100%| E|CS|TAMS 0x0000000694e00000, 0x0000000694e00000| Complete 
| 273|0x0000000694f00000, 0x0000000695000000, 0x0000000695000000|100%| E|CS|TAMS 0x0000000694f00000, 0x0000000694f00000| Complete 
| 274|0x0000000695000000, 0x0000000695100000, 0x0000000695100000|100%| E|CS|TAMS 0x0000000695000000, 0x0000000695000000| Complete 
| 275|0x0000000695100000, 0x0000000695200000, 0x0000000695200000|100%| E|CS|TAMS 0x0000000695100000, 0x0000000695100000| Complete 
| 276|0x0000000695200000, 0x0000000695300000, 0x0000000695300000|100%| E|CS|TAMS 0x0000000695200000, 0x0000000695200000| Complete 
| 277|0x0000000695300000, 0x0000000695400000, 0x0000000695400000|100%| E|CS|TAMS 0x0000000695300000, 0x0000000695300000| Complete 
| 278|0x0000000695400000, 0x0000000695500000, 0x0000000695500000|100%| E|CS|TAMS 0x0000000695400000, 0x0000000695400000| Complete 
| 279|0x0000000695500000, 0x0000000695600000, 0x0000000695600000|100%| E|CS|TAMS 0x0000000695500000, 0x0000000695500000| Complete 
| 280|0x0000000695600000, 0x0000000695700000, 0x0000000695700000|100%| E|CS|TAMS 0x0000000695600000, 0x0000000695600000| Complete 
| 281|0x0000000695700000, 0x0000000695800000, 0x0000000695800000|100%| E|CS|TAMS 0x0000000695700000, 0x0000000695700000| Complete 
| 282|0x0000000695800000, 0x0000000695900000, 0x0000000695900000|100%| E|CS|TAMS 0x0000000695800000, 0x0000000695800000| Complete 
| 283|0x0000000695900000, 0x0000000695a00000, 0x0000000695a00000|100%| E|CS|TAMS 0x0000000695900000, 0x0000000695900000| Complete 
| 284|0x0000000695a00000, 0x0000000695b00000, 0x0000000695b00000|100%| E|CS|TAMS 0x0000000695a00000, 0x0000000695a00000| Complete 
| 285|0x0000000695b00000, 0x0000000695c00000, 0x0000000695c00000|100%| E|CS|TAMS 0x0000000695b00000, 0x0000000695b00000| Complete 
| 286|0x0000000695c00000, 0x0000000695d00000, 0x0000000695d00000|100%| E|CS|TAMS 0x0000000695c00000, 0x0000000695c00000| Complete 
| 287|0x0000000695d00000, 0x0000000695e00000, 0x0000000695e00000|100%| E|CS|TAMS 0x0000000695d00000, 0x0000000695d00000| Complete 
| 288|0x0000000695e00000, 0x0000000695f00000, 0x0000000695f00000|100%| E|CS|TAMS 0x0000000695e00000, 0x0000000695e00000| Complete 
| 289|0x0000000695f00000, 0x0000000696000000, 0x0000000696000000|100%| E|CS|TAMS 0x0000000695f00000, 0x0000000695f00000| Complete 
| 290|0x0000000696000000, 0x0000000696100000, 0x0000000696100000|100%| E|CS|TAMS 0x0000000696000000, 0x0000000696000000| Complete 
| 291|0x0000000696100000, 0x0000000696200000, 0x0000000696200000|100%| E|CS|TAMS 0x0000000696100000, 0x0000000696100000| Complete 
| 292|0x0000000696200000, 0x0000000696300000, 0x0000000696300000|100%| E|CS|TAMS 0x0000000696200000, 0x0000000696200000| Complete 
| 293|0x0000000696300000, 0x0000000696400000, 0x0000000696400000|100%| E|CS|TAMS 0x0000000696300000, 0x0000000696300000| Complete 
| 294|0x0000000696400000, 0x0000000696500000, 0x0000000696500000|100%| E|CS|TAMS 0x0000000696400000, 0x0000000696400000| Complete 
| 295|0x0000000696500000, 0x0000000696600000, 0x0000000696600000|100%| E|CS|TAMS 0x0000000696500000, 0x0000000696500000| Complete 
| 296|0x0000000696600000, 0x0000000696700000, 0x0000000696700000|100%| E|CS|TAMS 0x0000000696600000, 0x0000000696600000| Complete 
| 297|0x0000000696700000, 0x0000000696800000, 0x0000000696800000|100%| E|CS|TAMS 0x0000000696700000, 0x0000000696700000| Complete 
| 298|0x0000000696800000, 0x0000000696900000, 0x0000000696900000|100%| E|CS|TAMS 0x0000000696800000, 0x0000000696800000| Complete 
| 299|0x0000000696900000, 0x0000000696a00000, 0x0000000696a00000|100%| E|CS|TAMS 0x0000000696900000, 0x0000000696900000| Complete 
| 300|0x0000000696a00000, 0x0000000696b00000, 0x0000000696b00000|100%| E|CS|TAMS 0x0000000696a00000, 0x0000000696a00000| Complete 
| 301|0x0000000696b00000, 0x0000000696c00000, 0x0000000696c00000|100%| E|CS|TAMS 0x0000000696b00000, 0x0000000696b00000| Complete 
| 302|0x0000000696c00000, 0x0000000696d00000, 0x0000000696d00000|100%| E|CS|TAMS 0x0000000696c00000, 0x0000000696c00000| Complete 
| 303|0x0000000696d00000, 0x0000000696e00000, 0x0000000696e00000|100%| E|CS|TAMS 0x0000000696d00000, 0x0000000696d00000| Complete 
| 304|0x0000000696e00000, 0x0000000696f00000, 0x0000000696f00000|100%| E|CS|TAMS 0x0000000696e00000, 0x0000000696e00000| Complete 
| 305|0x0000000696f00000, 0x0000000697000000, 0x0000000697000000|100%| E|CS|TAMS 0x0000000696f00000, 0x0000000696f00000| Complete 
| 306|0x0000000697000000, 0x0000000697100000, 0x0000000697100000|100%| E|CS|TAMS 0x0000000697000000, 0x0000000697000000| Complete 
| 307|0x0000000697100000, 0x0000000697200000, 0x0000000697200000|100%| E|CS|TAMS 0x0000000697100000, 0x0000000697100000| Complete 
| 308|0x0000000697200000, 0x0000000697300000, 0x0000000697300000|100%| E|CS|TAMS 0x0000000697200000, 0x0000000697200000| Complete 
| 309|0x0000000697300000, 0x0000000697400000, 0x0000000697400000|100%| E|CS|TAMS 0x0000000697300000, 0x0000000697300000| Complete 
| 310|0x0000000697400000, 0x0000000697500000, 0x0000000697500000|100%| E|CS|TAMS 0x0000000697400000, 0x0000000697400000| Complete 
| 311|0x0000000697500000, 0x0000000697600000, 0x0000000697600000|100%| E|CS|TAMS 0x0000000697500000, 0x0000000697500000| Complete 
| 312|0x0000000697600000, 0x0000000697700000, 0x0000000697700000|100%| E|CS|TAMS 0x0000000697600000, 0x0000000697600000| Complete 
| 313|0x0000000697700000, 0x0000000697800000, 0x0000000697800000|100%| E|CS|TAMS 0x0000000697700000, 0x0000000697700000| Complete 
| 314|0x0000000697800000, 0x0000000697900000, 0x0000000697900000|100%| E|CS|TAMS 0x0000000697800000, 0x0000000697800000| Complete 
| 315|0x0000000697900000, 0x0000000697a00000, 0x0000000697a00000|100%| E|CS|TAMS 0x0000000697900000, 0x0000000697900000| Complete 
| 316|0x0000000697a00000, 0x0000000697b00000, 0x0000000697b00000|100%| E|CS|TAMS 0x0000000697a00000, 0x0000000697a00000| Complete 
| 317|0x0000000697b00000, 0x0000000697c00000, 0x0000000697c00000|100%| E|CS|TAMS 0x0000000697b00000, 0x0000000697b00000| Complete 
| 318|0x0000000697c00000, 0x0000000697d00000, 0x0000000697d00000|100%| E|CS|TAMS 0x0000000697c00000, 0x0000000697c00000| Complete 
| 319|0x0000000697d00000, 0x0000000697e00000, 0x0000000697e00000|100%| E|CS|TAMS 0x0000000697d00000, 0x0000000697d00000| Complete 
| 320|0x0000000697e00000, 0x0000000697f00000, 0x0000000697f00000|100%| E|CS|TAMS 0x0000000697e00000, 0x0000000697e00000| Complete 
| 321|0x0000000697f00000, 0x0000000698000000, 0x0000000698000000|100%| E|CS|TAMS 0x0000000697f00000, 0x0000000697f00000| Complete 
| 322|0x0000000698000000, 0x0000000698100000, 0x0000000698100000|100%| E|CS|TAMS 0x0000000698000000, 0x0000000698000000| Complete 
| 323|0x0000000698100000, 0x0000000698200000, 0x0000000698200000|100%| E|CS|TAMS 0x0000000698100000, 0x0000000698100000| Complete 
| 324|0x0000000698200000, 0x0000000698300000, 0x0000000698300000|100%| E|CS|TAMS 0x0000000698200000, 0x0000000698200000| Complete 
| 325|0x0000000698300000, 0x0000000698400000, 0x0000000698400000|100%| E|CS|TAMS 0x0000000698300000, 0x0000000698300000| Complete 
| 326|0x0000000698400000, 0x0000000698500000, 0x0000000698500000|100%| E|CS|TAMS 0x0000000698400000, 0x0000000698400000| Complete 
| 327|0x0000000698500000, 0x0000000698600000, 0x0000000698600000|100%| E|CS|TAMS 0x0000000698500000, 0x0000000698500000| Complete 
| 328|0x0000000698600000, 0x0000000698700000, 0x0000000698700000|100%| E|CS|TAMS 0x0000000698600000, 0x0000000698600000| Complete 
| 329|0x0000000698700000, 0x0000000698800000, 0x0000000698800000|100%| E|CS|TAMS 0x0000000698700000, 0x0000000698700000| Complete 
| 330|0x0000000698800000, 0x0000000698900000, 0x0000000698900000|100%| E|CS|TAMS 0x0000000698800000, 0x0000000698800000| Complete 
| 331|0x0000000698900000, 0x0000000698a00000, 0x0000000698a00000|100%| E|CS|TAMS 0x0000000698900000, 0x0000000698900000| Complete 
| 332|0x0000000698a00000, 0x0000000698b00000, 0x0000000698b00000|100%| E|CS|TAMS 0x0000000698a00000, 0x0000000698a00000| Complete 
| 333|0x0000000698b00000, 0x0000000698c00000, 0x0000000698c00000|100%| E|CS|TAMS 0x0000000698b00000, 0x0000000698b00000| Complete 
| 334|0x0000000698c00000, 0x0000000698d00000, 0x0000000698d00000|100%| E|CS|TAMS 0x0000000698c00000, 0x0000000698c00000| Complete 
| 335|0x0000000698d00000, 0x0000000698e00000, 0x0000000698e00000|100%| E|CS|TAMS 0x0000000698d00000, 0x0000000698d00000| Complete 
| 336|0x0000000698e00000, 0x0000000698f00000, 0x0000000698f00000|100%| E|CS|TAMS 0x0000000698e00000, 0x0000000698e00000| Complete 
| 337|0x0000000698f00000, 0x0000000699000000, 0x0000000699000000|100%| E|CS|TAMS 0x0000000698f00000, 0x0000000698f00000| Complete 
| 338|0x0000000699000000, 0x0000000699100000, 0x0000000699100000|100%| E|CS|TAMS 0x0000000699000000, 0x0000000699000000| Complete 
| 339|0x0000000699100000, 0x0000000699200000, 0x0000000699200000|100%| E|CS|TAMS 0x0000000699100000, 0x0000000699100000| Complete 
| 340|0x0000000699200000, 0x0000000699300000, 0x0000000699300000|100%| E|CS|TAMS 0x0000000699200000, 0x0000000699200000| Complete 
| 341|0x0000000699300000, 0x0000000699400000, 0x0000000699400000|100%| E|CS|TAMS 0x0000000699300000, 0x0000000699300000| Complete 
| 342|0x0000000699400000, 0x0000000699500000, 0x0000000699500000|100%| E|CS|TAMS 0x0000000699400000, 0x0000000699400000| Complete 
| 343|0x0000000699500000, 0x0000000699600000, 0x0000000699600000|100%| E|CS|TAMS 0x0000000699500000, 0x0000000699500000| Complete 
| 344|0x0000000699600000, 0x0000000699700000, 0x0000000699700000|100%| E|CS|TAMS 0x0000000699600000, 0x0000000699600000| Complete 
| 345|0x0000000699700000, 0x0000000699800000, 0x0000000699800000|100%| E|CS|TAMS 0x0000000699700000, 0x0000000699700000| Complete 
| 346|0x0000000699800000, 0x0000000699900000, 0x0000000699900000|100%| E|CS|TAMS 0x0000000699800000, 0x0000000699800000| Complete 
| 347|0x0000000699900000, 0x0000000699a00000, 0x0000000699a00000|100%| E|CS|TAMS 0x0000000699900000, 0x0000000699900000| Complete 
| 348|0x0000000699a00000, 0x0000000699b00000, 0x0000000699b00000|100%| E|CS|TAMS 0x0000000699a00000, 0x0000000699a00000| Complete 
| 349|0x0000000699b00000, 0x0000000699c00000, 0x0000000699c00000|100%| E|CS|TAMS 0x0000000699b00000, 0x0000000699b00000| Complete 
| 350|0x0000000699c00000, 0x0000000699d00000, 0x0000000699d00000|100%| E|CS|TAMS 0x0000000699c00000, 0x0000000699c00000| Complete 
| 351|0x0000000699d00000, 0x0000000699e00000, 0x0000000699e00000|100%| E|CS|TAMS 0x0000000699d00000, 0x0000000699d00000| Complete 
| 352|0x0000000699e00000, 0x0000000699f00000, 0x0000000699f00000|100%| E|CS|TAMS 0x0000000699e00000, 0x0000000699e00000| Complete 
| 353|0x0000000699f00000, 0x000000069a000000, 0x000000069a000000|100%| E|CS|TAMS 0x0000000699f00000, 0x0000000699f00000| Complete 
| 354|0x000000069a000000, 0x000000069a100000, 0x000000069a100000|100%| E|CS|TAMS 0x000000069a000000, 0x000000069a000000| Complete 
| 355|0x000000069a100000, 0x000000069a200000, 0x000000069a200000|100%| E|CS|TAMS 0x000000069a100000, 0x000000069a100000| Complete 
| 356|0x000000069a200000, 0x000000069a300000, 0x000000069a300000|100%| E|CS|TAMS 0x000000069a200000, 0x000000069a200000| Complete 
| 357|0x000000069a300000, 0x000000069a400000, 0x000000069a400000|100%| E|CS|TAMS 0x000000069a300000, 0x000000069a300000| Complete 
| 358|0x000000069a400000, 0x000000069a500000, 0x000000069a500000|100%| E|CS|TAMS 0x000000069a400000, 0x000000069a400000| Complete 
| 359|0x000000069a500000, 0x000000069a600000, 0x000000069a600000|100%| E|CS|TAMS 0x000000069a500000, 0x000000069a500000| Complete 
| 360|0x000000069a600000, 0x000000069a700000, 0x000000069a700000|100%| E|CS|TAMS 0x000000069a600000, 0x000000069a600000| Complete 
| 361|0x000000069a700000, 0x000000069a800000, 0x000000069a800000|100%| E|CS|TAMS 0x000000069a700000, 0x000000069a700000| Complete 
| 362|0x000000069a800000, 0x000000069a900000, 0x000000069a900000|100%| E|CS|TAMS 0x000000069a800000, 0x000000069a800000| Complete 
| 363|0x000000069a900000, 0x000000069aa00000, 0x000000069aa00000|100%| E|CS|TAMS 0x000000069a900000, 0x000000069a900000| Complete 
| 364|0x000000069aa00000, 0x000000069ab00000, 0x000000069ab00000|100%| E|CS|TAMS 0x000000069aa00000, 0x000000069aa00000| Complete 
| 365|0x000000069ab00000, 0x000000069ac00000, 0x000000069ac00000|100%| E|CS|TAMS 0x000000069ab00000, 0x000000069ab00000| Complete 
| 366|0x000000069ac00000, 0x000000069ad00000, 0x000000069ad00000|100%| E|CS|TAMS 0x000000069ac00000, 0x000000069ac00000| Complete 
| 367|0x000000069ad00000, 0x000000069ae00000, 0x000000069ae00000|100%| E|CS|TAMS 0x000000069ad00000, 0x000000069ad00000| Complete 
| 368|0x000000069ae00000, 0x000000069af00000, 0x000000069af00000|100%| E|CS|TAMS 0x000000069ae00000, 0x000000069ae00000| Complete 
| 369|0x000000069af00000, 0x000000069b000000, 0x000000069b000000|100%| E|CS|TAMS 0x000000069af00000, 0x000000069af00000| Complete 
| 370|0x000000069b000000, 0x000000069b100000, 0x000000069b100000|100%| E|CS|TAMS 0x000000069b000000, 0x000000069b000000| Complete 
| 371|0x000000069b100000, 0x000000069b200000, 0x000000069b200000|100%| E|CS|TAMS 0x000000069b100000, 0x000000069b100000| Complete 
| 372|0x000000069b200000, 0x000000069b300000, 0x000000069b300000|100%| E|CS|TAMS 0x000000069b200000, 0x000000069b200000| Complete 
| 373|0x000000069b300000, 0x000000069b400000, 0x000000069b400000|100%| E|CS|TAMS 0x000000069b300000, 0x000000069b300000| Complete 
| 374|0x000000069b400000, 0x000000069b500000, 0x000000069b500000|100%| E|CS|TAMS 0x000000069b400000, 0x000000069b400000| Complete 
| 375|0x000000069b500000, 0x000000069b600000, 0x000000069b600000|100%| E|CS|TAMS 0x000000069b500000, 0x000000069b500000| Complete 
| 376|0x000000069b600000, 0x000000069b700000, 0x000000069b700000|100%| E|CS|TAMS 0x000000069b600000, 0x000000069b600000| Complete 
| 377|0x000000069b700000, 0x000000069b800000, 0x000000069b800000|100%| E|CS|TAMS 0x000000069b700000, 0x000000069b700000| Complete 
| 378|0x000000069b800000, 0x000000069b900000, 0x000000069b900000|100%| E|CS|TAMS 0x000000069b800000, 0x000000069b800000| Complete 
| 379|0x000000069b900000, 0x000000069ba00000, 0x000000069ba00000|100%| E|CS|TAMS 0x000000069b900000, 0x000000069b900000| Complete 
| 380|0x000000069ba00000, 0x000000069bb00000, 0x000000069bb00000|100%| E|CS|TAMS 0x000000069ba00000, 0x000000069ba00000| Complete 
| 381|0x000000069bb00000, 0x000000069bc00000, 0x000000069bc00000|100%| E|CS|TAMS 0x000000069bb00000, 0x000000069bb00000| Complete 

Card table byte_map: [0x0000019162f00000,0x0000019163af0000] _byte_map_base: 0x000001915fae1000

Marking Bits (Prev, Next): (CMBitMap*) 0x0000019148cac3b8, (CMBitMap*) 0x0000019148cac3f0
 Prev Bits: [0x00000191646e0000, 0x000001916a5e8000)
 Next Bits: [0x000001916a5f0000, 0x00000191704f8000)

Polling page: 0x0000019152870000

Metaspace:

Usage:
  Non-class:     45.22 MB capacity,    44.33 MB ( 98%) used,   734.04 KB (  2%) free+waste,   177.19 KB ( <1%) overhead. 
      Class:      6.57 MB capacity,     6.02 MB ( 92%) used,   475.96 KB (  7%) free+waste,    83.44 KB (  1%) overhead. 
       Both:     51.79 MB capacity,    50.35 MB ( 97%) used,     1.18 MB (  2%) free+waste,   260.63 KB ( <1%) overhead. 

Virtual space:
  Non-class space:       46.00 MB reserved,      45.25 MB ( 98%) committed 
      Class space:        1.00 GB reserved,       6.63 MB ( <1%) committed 
             Both:        1.04 GB reserved,      51.88 MB (  5%) committed 

Chunk freelists:
   Non-Class:  3.50 KB
       Class:  3.63 KB
        Both:  7.13 KB

CodeHeap 'non-profiled nmethods': size=120000Kb used=4502Kb max_used=4502Kb free=115497Kb
 bounds [0x000001915a360000, 0x000001915a7d0000, 0x0000019161890000]
CodeHeap 'profiled nmethods': size=120000Kb used=13377Kb max_used=13377Kb free=106622Kb
 bounds [0x0000019152e30000, 0x0000019153b50000, 0x000001915a360000]
CodeHeap 'non-nmethods': size=5760Kb used=1226Kb max_used=1272Kb free=4534Kb
 bounds [0x0000019152890000, 0x0000019152b00000, 0x0000019152e30000]
 total_blobs=6384 nmethods=5814 adapters=481
 compilation: enabled
              stopped_count=0, restarted_count=0
 full_count=0

Compilation events (10 events):
Event: 15377.874 Thread 0x0000019173aec000 5814       3       org.apache.catalina.session.ManagerBase::findSessions (22 bytes)
Event: 15377.875 Thread 0x0000019173aec000 nmethod 5814 0x0000019153b3fd90 code [0x0000019153b3ff60, 0x0000019153b403b8]
Event: 15435.674 Thread 0x0000019173adb000 5815   !   4       java.util.concurrent.locks.AbstractQueuedSynchronizer::acquireQueued (74 bytes)
Event: 15435.691 Thread 0x0000019173adb000 nmethod 5815 0x000001915a7c3590 code [0x000001915a7c3760, 0x000001915a7c3ed0]
Event: 15525.129 Thread 0x0000019173adb000 5816       4       java.util.concurrent.ConcurrentHashMap$EntryIterator::next (5 bytes)
Event: 15525.140 Thread 0x0000019173adb000 nmethod 5816 0x000001915a7c4190 code [0x000001915a7c4320, 0x000001915a7c47f8]
Event: 15525.140 Thread 0x0000019173adb000 5817       4       java.util.concurrent.ConcurrentHashMap$EntryIterator::next (51 bytes)
Event: 15525.150 Thread 0x0000019173adb000 nmethod 5817 0x000001915a7c4a90 code [0x000001915a7c4c20, 0x000001915a7c50f8]
Event: 17025.473 Thread 0x0000019173adb000 5818       4       java.lang.Integer::getChars (131 bytes)
Event: 17025.485 Thread 0x0000019173adb000 nmethod 5818 0x000001915a7c5390 code [0x000001915a7c5520, 0x000001915a7c5998]

GC Heap History (10 events):
Event: 1.156 GC heap after
{Heap after GC invocations=2 (full 0):
 garbage-first heap   total 391168K, used 7595K [0x0000000683e00000, 0x0000000800000000)
  region size 1024K, 5 young (5120K), 5 survivors (5120K)
 Metaspace       used 20593K, capacity 21113K, committed 21248K, reserved 1069056K
  class space    used 2231K, capacity 2440K, committed 2560K, reserved 1048576K
}
Event: 4.226 GC heap before
{Heap before GC invocations=3 (full 0):
 garbage-first heap   total 391168K, used 78251K [0x0000000683e00000, 0x0000000800000000)
  region size 1024K, 74 young (75776K), 5 survivors (5120K)
 Metaspace       used 28127K, capacity 28867K, committed 29184K, reserved 1075200K
  class space    used 3181K, capacity 3476K, committed 3584K, reserved 1048576K
}
Event: 4.232 GC heap after
{Heap after GC invocations=4 (full 0):
 garbage-first heap   total 391168K, used 10987K [0x0000000683e00000, 0x0000000800000000)
  region size 1024K, 9 young (9216K), 9 survivors (9216K)
 Metaspace       used 28127K, capacity 28867K, committed 29184K, reserved 1075200K
  class space    used 3181K, capacity 3476K, committed 3584K, reserved 1048576K
}
Event: 5.167 GC heap before
{Heap before GC invocations=4 (full 0):
 garbage-first heap   total 391168K, used 74475K [0x0000000683e00000, 0x0000000800000000)
  region size 1024K, 72 young (73728K), 9 survivors (9216K)
 Metaspace       used 34903K, capacity 35788K, committed 35840K, reserved 1081344K
  class space    used 4074K, capacity 4436K, committed 4480K, reserved 1048576K
}
Event: 5.177 GC heap after
{Heap after GC invocations=5 (full 0):
 garbage-first heap   total 391168K, used 14513K [0x0000000683e00000, 0x0000000800000000)
  region size 1024K, 9 young (9216K), 9 survivors (9216K)
 Metaspace       used 34903K, capacity 35788K, committed 35840K, reserved 1081344K
  class space    used 4074K, capacity 4436K, committed 4480K, reserved 1048576K
}
Event: 6.533 GC heap before
{Heap before GC invocations=6 (full 0):
 garbage-first heap   total 391168K, used 123057K [0x0000000683e00000, 0x0000000800000000)
  region size 1024K, 115 young (117760K), 9 survivors (9216K)
 Metaspace       used 42640K, capacity 43971K, committed 44288K, reserved 1087488K
  class space    used 5053K, capacity 5568K, committed 5632K, reserved 1048576K
}
Event: 6.542 GC heap after
{Heap after GC invocations=7 (full 0):
 garbage-first heap   total 391168K, used 20432K [0x0000000683e00000, 0x0000000800000000)
  region size 1024K, 13 young (13312K), 13 survivors (13312K)
 Metaspace       used 42640K, capacity 43971K, committed 44288K, reserved 1087488K
  class space    used 5053K, capacity 5568K, committed 5632K, reserved 1048576K
}
Event: 6761.776 GC heap before
{Heap before GC invocations=7 (full 0):
 garbage-first heap   total 391168K, used 200656K [0x0000000683e00000, 0x0000000800000000)
  region size 1024K, 189 young (193536K), 13 survivors (13312K)
 Metaspace       used 50146K, capacity 51575K, committed 51712K, reserved 1093632K
  class space    used 5987K, capacity 6558K, committed 6656K, reserved 1048576K
}
Event: 6761.790 GC heap after
{Heap after GC invocations=8 (full 0):
 garbage-first heap   total 391168K, used 24577K [0x0000000683e00000, 0x0000000800000000)
  region size 1024K, 15 young (15360K), 15 survivors (15360K)
 Metaspace       used 50146K, capacity 51575K, committed 51712K, reserved 1093632K
  class space    used 5987K, capacity 6558K, committed 6656K, reserved 1048576K
}
Event: 17446.273 GC heap before
{Heap before GC invocations=8 (full 0):
 garbage-first heap   total 391168K, used 243713K [0x0000000683e00000, 0x0000000800000000)
  region size 1024K, 229 young (234496K), 15 survivors (15360K)
 Metaspace       used 51560K, capacity 53031K, committed 53120K, reserved 1095680K
  class space    used 6163K, capacity 6723K, committed 6784K, reserved 1048576K
}

Deoptimization events (10 events):
Event: 6762.114 Thread 0x00000191743d3000 Uncommon trap: reason=unstable_if action=reinterpret pc=0x000001915a68d72c method=java.lang.StringLatin1.compareToCI([B[B)I @ 68 c2
Event: 6762.150 Thread 0x0000019177e94000 Uncommon trap: reason=unstable_if action=reinterpret pc=0x000001915a6eaa78 method=org.apache.tomcat.util.net.NioBlockingSelector$BlockPoller.events()Z @ 14 c2
Event: 6762.846 Thread 0x00000191786cc800 Uncommon trap: reason=unstable_if action=reinterpret pc=0x000001915a6da110 method=java.util.concurrent.locks.AbstractQueuedSynchronizer.enq(Ljava/util/concurrent/locks/AbstractQueuedSynchronizer$Node;)Ljava/util/concurrent/locks/AbstractQueuedSynchronizer
Event: 6762.849 Thread 0x00000191786cc800 Uncommon trap: reason=unstable_if action=reinterpret pc=0x000001915a6d8d58 method=java.util.concurrent.locks.AbstractQueuedSynchronizer.transferForSignal(Ljava/util/concurrent/locks/AbstractQueuedSynchronizer$Node;)Z @ 7 c2
Event: 6762.849 Thread 0x00000191786cc800 Uncommon trap: reason=unstable_if action=reinterpret pc=0x000001915a6e3c5c method=java.util.concurrent.ThreadPoolExecutor.ensurePrestart()V @ 16 c2
Event: 6762.908 Thread 0x00000191786d0000 Uncommon trap: reason=unstable_if action=reinterpret pc=0x000001915a6da110 method=java.util.concurrent.locks.AbstractQueuedSynchronizer.enq(Ljava/util/concurrent/locks/AbstractQueuedSynchronizer$Node;)Ljava/util/concurrent/locks/AbstractQueuedSynchronizer
Event: 12465.616 Thread 0x0000019174cef000 Uncommon trap: reason=unstable_if action=reinterpret pc=0x000001915a7959d4 method=java.util.concurrent.ScheduledThreadPoolExecutor$DelayedWorkQueue.take()Ljava/util/concurrent/RunnableScheduledFuture; @ 59 c2
Event: 12465.679 Thread 0x0000019174cef000 Uncommon trap: reason=unstable_if action=reinterpret pc=0x000001915a6c9e7c method=java.util.concurrent.locks.AbstractQueuedSynchronizer$ConditionObject.addConditionWaiter()Ljava/util/concurrent/locks/AbstractQueuedSynchronizer$Node; @ 33 c2
Event: 12465.679 Thread 0x0000019174cef000 Uncommon trap: reason=unstable_if action=reinterpret pc=0x000001915a79138c method=java.util.concurrent.locks.AbstractQueuedSynchronizer$ConditionObject.unlinkCancelledWaiters()V @ 48 c2
Event: 14107.669 Thread 0x0000019174cef000 Uncommon trap: reason=unstable_if action=reinterpret pc=0x000001915a6c9434 method=java.util.concurrent.locks.AbstractQueuedSynchronizer.acquireQueued(Ljava/util/concurrent/locks/AbstractQueuedSynchronizer$Node;I)Z @ 14 c2

Classes redefined (0 events):
No events

Internal exceptions (10 events):
Event: 5383.629 Thread 0x00000191743e2000 Implicit null exception at 0x000001915a6ea034 to 0x000001915a6ea284
Event: 5384.628 Thread 0x00000191743e2000 Implicit null exception at 0x000001915a6ea034 to 0x000001915a6ea284
Event: 5385.617 Thread 0x00000191743e2000 Implicit null exception at 0x000001915a6ea034 to 0x000001915a6ea284
Event: 5386.619 Thread 0x00000191743e2000 Implicit null exception at 0x000001915a6ea034 to 0x000001915a6ea284
Event: 6761.230 Thread 0x00000191743d3000 Implicit null exception at 0x000001915a63ecbc to 0x000001915a6411d1
Event: 6761.369 Thread 0x00000191743d3000 Exception <a 'sun/nio/fs/WindowsException'{0x0000000690f69698}> (0x0000000690f69698) thrown at [./open/src/hotspot/share/prims/jni.cpp, line 611]
Event: 6761.618 Thread 0x00000191743d3000 Exception <a 'java/lang/ClassNotFoundException'{0x0000000690312c90}: java/lang/ObjectCustomizer> (0x0000000690312c90) thrown at [./open/src/hotspot/share/classfile/systemDictionary.cpp, line 228]
Event: 6761.620 Thread 0x00000191743d3000 Exception <a 'java/lang/ClassNotFoundException'{0x00000006903293c0}: org/springframework/cloud/netflix/ribbon/DefaultServerIntrospectorCustomizer> (0x00000006903293c0) thrown at [./open/src/hotspot/share/classfile/systemDictionary.cpp, line 228]
Event: 6761.624 Thread 0x00000191743d3000 Exception <a 'java/lang/ClassNotFoundException'{0x0000000690340aa0}: org/springframework/cloud/netflix/ribbon/ServerIntrospectorCustomizer> (0x0000000690340aa0) thrown at [./open/src/hotspot/share/classfile/systemDictionary.cpp, line 228]
Event: 6761.826 Thread 0x00000191743d3000 Implicit null exception at 0x000001915a689e2c to 0x000001915a689e6b

Events (10 events):
Event: 12465.679 Thread 0x0000019174cef000 Uncommon trap: trap_request=0xffffff4d fr.pc=0x000001915a6c9e7c relative=0x00000000000003dc
Event: 12465.679 Thread 0x0000019174cef000 DEOPT PACKING pc=0x000001915a6c9e7c sp=0x0000003fc45ff000
Event: 12465.679 Thread 0x0000019174cef000 DEOPT UNPACKING pc=0x00000191528983af sp=0x0000003fc45fefa0 mode 2
Event: 12465.679 Thread 0x0000019174cef000 Uncommon trap: trap_request=0xffffff4d fr.pc=0x000001915a79138c relative=0x00000000000001ec
Event: 12465.679 Thread 0x0000019174cef000 DEOPT PACKING pc=0x000001915a79138c sp=0x0000003fc45fef70
Event: 12465.679 Thread 0x0000019174cef000 DEOPT UNPACKING pc=0x00000191528983af sp=0x0000003fc45fef28 mode 2
Event: 14107.669 Thread 0x0000019174cef000 Uncommon trap: trap_request=0xffffff4d fr.pc=0x000001915a6c9434 relative=0x00000000000006f4
Event: 14107.669 Thread 0x0000019174cef000 DEOPT PACKING pc=0x000001915a6c9434 sp=0x0000003fc45ff220
Event: 14107.669 Thread 0x0000019174cef000 DEOPT UNPACKING pc=0x00000191528983af sp=0x0000003fc45ff1e0 mode 2
Event: 17446.272 Executing VM operation: G1CollectForAllocation


Dynamic libraries:
0x00007ff6d87f0000 - 0x00007ff6d87ff000 	C:\Program Files\Java\jdk-11.0.11\bin\javaw.exe
0x00007ffd38390000 - 0x00007ffd385a4000 	C:\WINDOWS\SYSTEM32\ntdll.dll
0x00007ffd36c50000 - 0x00007ffd36d13000 	C:\WINDOWS\System32\KERNEL32.DLL
0x00007ffd35d60000 - 0x00007ffd360fc000 	C:\WINDOWS\System32\KERNELBASE.dll
0x00007ffd359c0000 - 0x00007ffd35ad1000 	C:\WINDOWS\System32\ucrtbase.dll
0x00007ffd0ee80000 - 0x00007ffd0ee98000 	C:\Program Files\Java\jdk-11.0.11\bin\jli.dll
0x00007ffd36d20000 - 0x00007ffd36dce000 	C:\WINDOWS\System32\ADVAPI32.dll
0x00007ffd364d0000 - 0x00007ffd36577000 	C:\WINDOWS\System32\msvcrt.dll
0x00007ffd37420000 - 0x00007ffd374c4000 	C:\WINDOWS\System32\sechost.dll
0x00007ffd362c0000 - 0x00007ffd363d5000 	C:\WINDOWS\System32\RPCRT4.dll
0x00007ffd36ea0000 - 0x00007ffd3704d000 	C:\WINDOWS\System32\USER32.dll
0x00007ffd0ee60000 - 0x00007ffd0ee75000 	C:\Program Files\Java\jdk-11.0.11\bin\VCRUNTIME140.dll
0x00007ffd35ba0000 - 0x00007ffd35bc6000 	C:\WINDOWS\System32\win32u.dll
0x00007ffd36de0000 - 0x00007ffd36e09000 	C:\WINDOWS\System32\GDI32.dll
0x00007ffd35bd0000 - 0x00007ffd35ce2000 	C:\WINDOWS\System32\gdi32full.dll
0x00007ffd36100000 - 0x00007ffd3619a000 	C:\WINDOWS\System32\msvcp_win.dll
0x00007ffd34950000 - 0x00007ffd34bde000 	C:\WINDOWS\WinSxS\amd64_microsoft.windows.common-controls_6595b64144ccf1df_6.0.22621.608_none_a9444ca7c10bb01d\COMCTL32.dll
0x00007ffd2ca70000 - 0x00007ffd2ca7a000 	C:\WINDOWS\SYSTEM32\VERSION.dll
0x00007ffd36580000 - 0x00007ffd365b2000 	C:\WINDOWS\System32\IMM32.DLL
0x00007ffd04c40000 - 0x00007ffd04cdb000 	C:\Program Files\Java\jdk-11.0.11\bin\msvcp140.dll
0x00007ffd04140000 - 0x00007ffd04c3e000 	C:\Program Files\Java\jdk-11.0.11\bin\server\jvm.dll
0x00007ffd382c0000 - 0x00007ffd382c8000 	C:\WINDOWS\System32\PSAPI.DLL
0x00007ffd0bc50000 - 0x00007ffd0bc59000 	C:\WINDOWS\SYSTEM32\WSOCK32.dll
0x00007ffd2dbe0000 - 0x00007ffd2dc14000 	C:\WINDOWS\SYSTEM32\WINMM.dll
0x00007ffd36450000 - 0x00007ffd364c1000 	C:\WINDOWS\System32\WS2_32.dll
0x00007ffd341c0000 - 0x00007ffd341d8000 	C:\WINDOWS\SYSTEM32\kernel.appcore.dll
0x00007ffd0ee40000 - 0x00007ffd0ee50000 	C:\Program Files\Java\jdk-11.0.11\bin\verify.dll
0x00007ffd35140000 - 0x00007ffd3536e000 	C:\WINDOWS\SYSTEM32\DBGHELP.DLL
0x00007ffd37dc0000 - 0x00007ffd3814a000 	C:\WINDOWS\System32\combase.dll
0x00007ffd37050000 - 0x00007ffd37127000 	C:\WINDOWS\System32\OLEAUT32.dll
0x00007ffd34fb0000 - 0x00007ffd34fe2000 	C:\WINDOWS\SYSTEM32\dbgcore.DLL
0x00007ffd35940000 - 0x00007ffd359bb000 	C:\WINDOWS\System32\bcryptPrimitives.dll
0x00007ffd040e0000 - 0x00007ffd04108000 	C:\Program Files\Java\jdk-11.0.11\bin\java.dll
0x00007ffd0ee30000 - 0x00007ffd0ee3a000 	C:\Program Files\Java\jdk-11.0.11\bin\jimage.dll
0x00007ffd040c0000 - 0x00007ffd040d6000 	C:\Program Files\Java\jdk-11.0.11\bin\zip.dll
0x00007ffd375d0000 - 0x00007ffd37dbf000 	C:\WINDOWS\System32\SHELL32.dll
0x00007ffd330f0000 - 0x00007ffd339b8000 	C:\WINDOWS\SYSTEM32\windows.storage.dll
0x00007ffd32fb0000 - 0x00007ffd330ee000 	C:\WINDOWS\SYSTEM32\wintypes.dll
0x00007ffd374d0000 - 0x00007ffd375c1000 	C:\WINDOWS\System32\SHCORE.dll
0x00007ffd38260000 - 0x00007ffd382be000 	C:\WINDOWS\System32\shlwapi.dll
0x00007ffd35700000 - 0x00007ffd35721000 	C:\WINDOWS\SYSTEM32\profapi.dll
0x00007ffd02c30000 - 0x00007ffd02c49000 	C:\Program Files\Java\jdk-11.0.11\bin\net.dll
0x00007ffd2fc90000 - 0x00007ffd2fdbf000 	C:\WINDOWS\SYSTEM32\WINHTTP.dll
0x00007ffd34610000 - 0x00007ffd34679000 	C:\WINDOWS\system32\mswsock.dll
0x00007ffd02c10000 - 0x00007ffd02c22000 	C:\Program Files\Java\jdk-11.0.11\bin\nio.dll
0x00007ffcfbca0000 - 0x00007ffcfbca9000 	C:\Program Files\Java\jdk-11.0.11\bin\management.dll
0x00007ffd00150000 - 0x00007ffd0015b000 	C:\Program Files\Java\jdk-11.0.11\bin\management_ext.dll
0x00007ffd33cc0000 - 0x00007ffd33ced000 	C:\WINDOWS\SYSTEM32\IPHLPAPI.DLL
0x00007ffd36dd0000 - 0x00007ffd36dd9000 	C:\WINDOWS\System32\NSI.dll
0x00007ffd2db80000 - 0x00007ffd2db99000 	C:\WINDOWS\SYSTEM32\dhcpcsvc6.DLL
0x00007ffd2dbc0000 - 0x00007ffd2dbdf000 	C:\WINDOWS\SYSTEM32\dhcpcsvc.DLL
0x00007ffd33d50000 - 0x00007ffd33e43000 	C:\WINDOWS\SYSTEM32\DNSAPI.dll
0x00007ffd2c350000 - 0x00007ffd2c35a000 	C:\Windows\System32\rasadhlp.dll
0x00007ffd2ae70000 - 0x00007ffd2aef3000 	C:\WINDOWS\System32\fwpuclnt.dll
0x00007ffd0ec30000 - 0x00007ffd0ec47000 	C:\WINDOWS\system32\napinsp.dll
0x00007ffd0ec10000 - 0x00007ffd0ec2b000 	C:\WINDOWS\system32\pnrpnsp.dll
0x00007ffd04e20000 - 0x00007ffd04e31000 	C:\WINDOWS\System32\winrnr.dll
0x00007ffd06350000 - 0x00007ffd06365000 	C:\WINDOWS\system32\wshbth.dll
0x00007ffd04df0000 - 0x00007ffd04e11000 	C:\WINDOWS\system32\nlansp_c.dll
0x00007ffd35460000 - 0x00007ffd3547b000 	C:\WINDOWS\SYSTEM32\CRYPTSP.dll
0x00007ffd34130000 - 0x00007ffd34165000 	C:\WINDOWS\system32\rsaenh.dll
0x00007ffd34850000 - 0x00007ffd34878000 	C:\WINDOWS\SYSTEM32\USERENV.dll
0x00007ffd34ff0000 - 0x00007ffd35018000 	C:\WINDOWS\SYSTEM32\bcrypt.dll
0x00007ffd34880000 - 0x00007ffd3488c000 	C:\WINDOWS\SYSTEM32\CRYPTBASE.dll
0x00007ffd263e0000 - 0x00007ffd263ed000 	C:\Program Files\Java\jdk-11.0.11\bin\sunmscapi.dll
0x00007ffd357d0000 - 0x00007ffd35936000 	C:\WINDOWS\System32\CRYPT32.dll
0x00007ffd34ca0000 - 0x00007ffd34ccd000 	C:\WINDOWS\SYSTEM32\ncrypt.dll
0x00007ffd34c60000 - 0x00007ffd34c97000 	C:\WINDOWS\SYSTEM32\NTASN1.dll
0x00007ffd029a0000 - 0x00007ffd029c5000 	C:\Program Files\Java\jdk-11.0.11\bin\sunec.dll

dbghelp: loaded successfully - version: 4.0.5 - missing functions: none
symbol engine: initialized successfully - sym options: 0x614 - pdb path: .;C:\Program Files\Java\jdk-11.0.11\bin;C:\WINDOWS\SYSTEM32;C:\WINDOWS\WinSxS\amd64_microsoft.windows.common-controls_6595b64144ccf1df_6.0.22621.608_none_a9444ca7c10bb01d;C:\Program Files\Java\jdk-11.0.11\bin\server

VM Arguments:
jvm_args: -Dfile.encoding=UTF-8 
java_command: com.demo.currencycalculation.CurrencyCalculationServiceApplication
java_class_path (initial): C:\Users\HP\Documents\Cogent_14Nov2022\content\MicroServicesExample\currency-calculation-service\target\classes;C:\Users\HP\.m2\repository\org\springframework\boot\spring-boot-starter-actuator\2.3.2.RELEASE\spring-boot-starter-actuator-2.3.2.RELEASE.jar;C:\Users\HP\.m2\repository\org\springframework\boot\spring-boot-starter\2.3.2.RELEASE\spring-boot-starter-2.3.2.RELEASE.jar;C:\Users\HP\.m2\repository\org\springframework\boot\spring-boot-starter-logging\2.3.2.RELEASE\spring-boot-starter-logging-2.3.2.RELEASE.jar;C:\Users\HP\.m2\repository\ch\qos\logback\logback-classic\1.2.3\logback-classic-1.2.3.jar;C:\Users\HP\.m2\repository\ch\qos\logback\logback-core\1.2.3\logback-core-1.2.3.jar;C:\Users\HP\.m2\repository\org\apache\logging\log4j\log4j-to-slf4j\2.13.3\log4j-to-slf4j-2.13.3.jar;C:\Users\HP\.m2\repository\org\apache\logging\log4j\log4j-api\2.13.3\log4j-api-2.13.3.jar;C:\Users\HP\.m2\repository\org\slf4j\jul-to-slf4j\1.7.30\jul-to-slf4j-1.7.30.jar;C:\Users\HP\.m2\repository\jakarta\annotation\jakarta.annotation-api\1.3.5\jakarta.annotation-api-1.3.5.jar;C:\Users\HP\.m2\repository\org\yaml\snakeyaml\1.26\snakeyaml-1.26.jar;C:\Users\HP\.m2\repository\org\springframework\boot\spring-boot-actuator-autoconfigure\2.3.2.RELEASE\spring-boot-actuator-autoconfigure-2.3.2.RELEASE.jar;C:\Users\HP\.m2\repository\org\springframework\boot\spring-boot-actuator\2.3.2.RELEASE\spring-boot-actuator-2.3.2.RELEASE.jar;C:\Users\HP\.m2\repository\com\fasterxml\jackson\datatype\jackson-datatype-jsr310\2.11.1\jackson-datatype-jsr310-2.11.1.jar;C:\Users\HP\.m2\repository\io\micrometer\micrometer-core\1.5.3\micrometer-core-1.5.3.jar;C:\Users\HP\.m2\repository\org\hdrhistogram\HdrHistogram\2.1.12\HdrHistogram-2.1.12.jar;C:\Users\HP\.m2\repository\org\latencyutils\LatencyUtils\2.0.3\LatencyUtils-2.0.3.jar;C:\Users\HP\.m2\repository\org\springframework\boot\spring-boot-starter-web\2.3.2.RELEASE\spring-boot-starter-web-2.3.2.RELEASE.jar;C:\Users\HP\.m2\repository\org\
Launcher Type: SUN_STANDARD

[Global flags]
     intx CICompilerCount                          = 4                                         {product} {ergonomic}
     uint ConcGCThreads                            = 2                                         {product} {ergonomic}
     uint G1ConcRefinementThreads                  = 8                                         {product} {ergonomic}
   size_t G1HeapRegionSize                         = 1048576                                   {product} {ergonomic}
    uintx GCDrainStackTargetSize                   = 64                                        {product} {ergonomic}
   size_t InitialHeapSize                          = 400556032                                 {product} {ergonomic}
   size_t MarkStackSize                            = 4194304                                   {product} {ergonomic}
   size_t MaxHeapSize                              = 6377439232                                {product} {ergonomic}
   size_t MaxNewSize                               = 3826253824                                {product} {ergonomic}
   size_t MinHeapDeltaBytes                        = 1048576                                   {product} {ergonomic}
    uintx NonNMethodCodeHeapSize                   = 5836300                                {pd product} {ergonomic}
    uintx NonProfiledCodeHeapSize                  = 122910970                              {pd product} {ergonomic}
    uintx ProfiledCodeHeapSize                     = 122910970                              {pd product} {ergonomic}
    uintx ReservedCodeCacheSize                    = 251658240                              {pd product} {ergonomic}
     bool SegmentedCodeCache                       = true                                      {product} {ergonomic}
     bool UseCompressedClassPointers               = true                                 {lp64_product} {ergonomic}
     bool UseCompressedOops                        = true                                 {lp64_product} {ergonomic}
     bool UseG1GC                                  = true                                      {product} {ergonomic}
     bool UseLargePagesIndividualAllocation        = false                                  {pd product} {ergonomic}

Logging:
Log output configuration:
 #0: stdout all=warning uptime,level,tags
 #1: stderr all=off uptime,level,tags

Environment Variables:
PATH=C:\Program Files\Common Files\Oracle\Java\javapath;C:\WINDOWS\system32;C:\WINDOWS;C:\WINDOWS\System32\Wbem;C:\WINDOWS\System32\WindowsPowerShell\v1.0\;C:\WINDOWS\System32\OpenSSH\;C:\Program Files\nodejs\;C:\Program Files\Git\cmd;C:\Program Files\PuTTY\;C:\Program Files\MySQL\MySQL Shell 8.0\bin\;C:\Users\HP\AppData\Local\Microsoft\WindowsApps;C:\Users\HP\AppData\Roaming\npm;C:\Users\HP\AppData\Local\Programs\Microsoft VS Code\bin;D:\apache-maven-3.8.6\bin;;C:\Program Files\JetBrains\IntelliJ IDEA 2022.3.1\bin;
USERNAME=HP
OS=Windows_NT
PROCESSOR_IDENTIFIER=Intel64 Family 6 Model 140 Stepping 1, GenuineIntel



---------------  S Y S T E M  ---------------

OS: Windows 10 , 64 bit Build 22621 (10.0.22621.1194)
Hyper-V role detected

CPU:total 8 (initial active 8) (4 cores per cpu, 2 threads per core) family 6 model 140 stepping 1 microcode 0xa4, cmov, cx8, fxsr, mmx, sse, sse2, sse3, ssse3, sse4.1, sse4.2, popcnt, avx, avx2, aes, clmul, erms, 3dnowpref, lzcnt, ht, tsc, tscinvbit, bmi1, bmi2, adx, evex, sha, fma

Memory: 4k page, system-wide physical 24321M (13780M free)
TotalPageFile size 48897M (AvailPageFile size 32610M)
current process WorkingSet (physical memory assigned to process): 277M, peak: 408M
current process commit charge ("private bytes"): 564M, peak: 638M

vm_info: Java HotSpot(TM) 64-Bit Server VM (11.0.11+9-LTS-194) for windows-amd64 JRE (11.0.11+9-LTS-194), built on Mar 18 2021 18:46:53 by "mach5one" with MS VC++ 15.9 (VS2017)

END.
